#-----------------------------------------------------------
# Vivado v2015.2 (64-bit)
# SW Build 1266856 on Fri Jun 26 16:35:25 MDT 2015
# IP Build 1264090 on Wed Jun 24 14:22:01 MDT 2015
# Start of session at: Mon Apr 18 10:39:13 2016
# Process ID: 19610
# Log file: /home/randy/rfnoc_dec2015/sysgen_models/channelizer/checkpoint/vivado.log
# Journal file: /home/randy/rfnoc_dec2015/sysgen_models/channelizer/checkpoint/vivado.jou
#-----------------------------------------------------------
source ProjectGeneration.tcl -notrace
WARNING: [Coretcl 2-176] No IPs found
INFO: [IP_Flow 19-234] Refreshing IP repositories
INFO: [IP_Flow 19-1704] No user IP repositories specified
INFO: [IP_Flow 19-2313] Loaded Vivado IP repository '/opt/Xilinx/Vivado/2015.2/data/ip'.
WARNING: [Vivado 12-3523] Attempt to change 'Component_Name' from 'channelizer_xfft_v9_0_0' to 'channelizer_xfft_v9_0_0' is not allowed and is ignored.
WARNING: [Vivado 12-3523] Attempt to change 'Component_Name' from 'channelizer_c_counter_binary_v12_0_0' to 'channelizer_c_counter_binary_v12_0_0' is not allowed and is ignored.
WARNING: [Vivado 12-3523] Attempt to change 'Component_Name' from 'channelizer_c_counter_binary_v12_0_1' to 'channelizer_c_counter_binary_v12_0_1' is not allowed and is ignored.
WARNING: [IP_Flow 19-3374] An attempt to modify the value of disabled parameter 'AINIT_Value' from '0' to '1F' has been ignored for IP 'channelizer_c_counter_binary_v12_0_1'
WARNING: [Vivado 12-3523] Attempt to change 'Component_Name' from 'channelizer_blk_mem_gen_v8_2_0' to 'channelizer_blk_mem_gen_v8_2_0' is not allowed and is ignored.
WARNING: [IP_Flow 19-3374] An attempt to modify the value of disabled parameter 'Reset_Memory_Latch_B' from 'false' to '0' has been ignored for IP 'channelizer_blk_mem_gen_v8_2_0'
WARNING: [IP_Flow 19-3374] An attempt to modify the value of disabled parameter 'Reset_Memory_Latch_A' from 'false' to '0' has been ignored for IP 'channelizer_blk_mem_gen_v8_2_0'
WARNING: [Vivado 12-3523] Attempt to change 'Component_Name' from 'channelizer_c_counter_binary_v12_0_2' to 'channelizer_c_counter_binary_v12_0_2' is not allowed and is ignored.
WARNING: [Vivado 12-3523] Attempt to change 'Component_Name' from 'channelizer_fir_compiler_v7_2_0' to 'channelizer_fir_compiler_v7_2_0' is not allowed and is ignored.
WARNING: [Vivado 12-3523] Attempt to change 'Component_Name' from 'channelizer_c_counter_binary_v12_0_3' to 'channelizer_c_counter_binary_v12_0_3' is not allowed and is ignored.
INFO: [IP_Flow 19-1686] Generating 'Synthesis' target for IP 'channelizer_xfft_v9_0_0'...
WARNING: [IP_Flow 19-1687] The current project language is set to Verilog. However IP 'channelizer_xfft_v9_0_0' does not support 'Verilog Synthesis' output products, delivering 'VHDL Synthesis' output products instead.
INFO: [IP_Flow 19-1686] Generating 'Synthesis' target for IP 'channelizer_c_counter_binary_v12_0_0'...
WARNING: [IP_Flow 19-1687] The current project language is set to Verilog. However IP 'channelizer_c_counter_binary_v12_0_0' does not support 'Verilog Synthesis' output products, delivering 'VHDL Synthesis' output products instead.
INFO: [IP_Flow 19-1686] Generating 'Synthesis' target for IP 'channelizer_c_counter_binary_v12_0_1'...
WARNING: [IP_Flow 19-1687] The current project language is set to Verilog. However IP 'channelizer_c_counter_binary_v12_0_1' does not support 'Verilog Synthesis' output products, delivering 'VHDL Synthesis' output products instead.
INFO: [IP_Flow 19-1686] Generating 'Synthesis' target for IP 'channelizer_blk_mem_gen_v8_2_0'...
WARNING: [IP_Flow 19-1687] The current project language is set to Verilog. However IP 'channelizer_blk_mem_gen_v8_2_0' does not support 'Verilog Synthesis' output products, delivering 'VHDL Synthesis' output products instead.
INFO: [IP_Flow 19-1686] Generating 'Synthesis' target for IP 'channelizer_c_counter_binary_v12_0_2'...
WARNING: [IP_Flow 19-1687] The current project language is set to Verilog. However IP 'channelizer_c_counter_binary_v12_0_2' does not support 'Verilog Synthesis' output products, delivering 'VHDL Synthesis' output products instead.
INFO: [IP_Flow 19-1686] Generating 'Synthesis' target for IP 'channelizer_fir_compiler_v7_2_0'...
WARNING: [IP_Flow 19-1687] The current project language is set to Verilog. However IP 'channelizer_fir_compiler_v7_2_0' does not support 'Verilog Synthesis' output products, delivering 'VHDL Synthesis' output products instead.
INFO: [IP_Flow 19-1686] Generating 'Synthesis' target for IP 'channelizer_c_counter_binary_v12_0_3'...
WARNING: [IP_Flow 19-1687] The current project language is set to Verilog. However IP 'channelizer_c_counter_binary_v12_0_3' does not support 'Verilog Synthesis' output products, delivering 'VHDL Synthesis' output products instead.
[Mon Apr 18 10:39:27 2016] Launched channelizer_xfft_v9_0_0_synth_1, channelizer_c_counter_binary_v12_0_0_synth_1, channelizer_c_counter_binary_v12_0_1_synth_1, channelizer_blk_mem_gen_v8_2_0_synth_1, channelizer_c_counter_binary_v12_0_2_synth_1, channelizer_fir_compiler_v7_2_0_synth_1, channelizer_c_counter_binary_v12_0_3_synth_1...
Run output will be captured here:
channelizer_xfft_v9_0_0_synth_1: /home/randy/rfnoc_dec2015/sysgen_models/channelizer/checkpoint/Synthesized Checkpoint/channelizer.runs/channelizer_xfft_v9_0_0_synth_1/runme.log
channelizer_c_counter_binary_v12_0_0_synth_1: /home/randy/rfnoc_dec2015/sysgen_models/channelizer/checkpoint/Synthesized Checkpoint/channelizer.runs/channelizer_c_counter_binary_v12_0_0_synth_1/runme.log
channelizer_c_counter_binary_v12_0_1_synth_1: /home/randy/rfnoc_dec2015/sysgen_models/channelizer/checkpoint/Synthesized Checkpoint/channelizer.runs/channelizer_c_counter_binary_v12_0_1_synth_1/runme.log
channelizer_blk_mem_gen_v8_2_0_synth_1: /home/randy/rfnoc_dec2015/sysgen_models/channelizer/checkpoint/Synthesized Checkpoint/channelizer.runs/channelizer_blk_mem_gen_v8_2_0_synth_1/runme.log
channelizer_c_counter_binary_v12_0_2_synth_1: /home/randy/rfnoc_dec2015/sysgen_models/channelizer/checkpoint/Synthesized Checkpoint/channelizer.runs/channelizer_c_counter_binary_v12_0_2_synth_1/runme.log
channelizer_fir_compiler_v7_2_0_synth_1: /home/randy/rfnoc_dec2015/sysgen_models/channelizer/checkpoint/Synthesized Checkpoint/channelizer.runs/channelizer_fir_compiler_v7_2_0_synth_1/runme.log
channelizer_c_counter_binary_v12_0_3_synth_1: /home/randy/rfnoc_dec2015/sysgen_models/channelizer/checkpoint/Synthesized Checkpoint/channelizer.runs/channelizer_c_counter_binary_v12_0_3_synth_1/runme.log
[Mon Apr 18 10:39:27 2016] Launched synth_1...
Run output will be captured here: /home/randy/rfnoc_dec2015/sysgen_models/channelizer/checkpoint/Synthesized Checkpoint/channelizer.runs/synth_1/runme.log
[Mon Apr 18 10:39:27 2016] Waiting for synth_1 to finish...

*** Running vivado
    with args -log channelizer.vds -m64 -mode batch -messageDb vivado.pb -notrace -source channelizer.tcl


****** Vivado v2015.2 (64-bit)
  **** SW Build 1266856 on Fri Jun 26 16:35:25 MDT 2015
  **** IP Build 1264090 on Wed Jun 24 14:22:01 MDT 2015
    ** Copyright 1986-2015 Xilinx, Inc. All Rights Reserved.

source channelizer.tcl -notrace
Command: synth_design -top channelizer -part xc7k410tffg900-2 -mode out_of_context
Starting synth_design
Attempting to get a license for feature 'Synthesis' and/or device 'xc7k410t'
INFO: [Common 17-349] Got license for feature 'Synthesis' and/or device 'xc7k410t'
INFO: [Common 17-1223] The version limit for your license is '2015.12' and will expire in -109 days. A version limit expiration means that, although you may be able to continue to use the current version of tools or IP with this license, you will not be eligible for any updates or new releases.
---------------------------------------------------------------------------------
Starting RTL Elaboration : Time (s): cpu = 00:00:04 ; elapsed = 00:00:04 . Memory (MB): peak = 948.633 ; gain = 138.520 ; free physical = 819 ; free virtual = 10017
---------------------------------------------------------------------------------
INFO: [Synth 8-638] synthesizing module 'channelizer' [/home/randy/rfnoc_dec2015/sysgen_models/channelizer/checkpoint/Synthesized Checkpoint/channelizer.srcs/sources_1/imports/sysgen/channelizer.v:1077]
INFO: [Synth 8-638] synthesizing module 'channelizer_default_clock_driver' [/home/randy/rfnoc_dec2015/sysgen_models/channelizer/checkpoint/Synthesized Checkpoint/channelizer.srcs/sources_1/imports/sysgen/channelizer.v:1055]
INFO: [Synth 8-638] synthesizing module 'xlclockdriver' [/home/randy/rfnoc_dec2015/sysgen_models/channelizer/checkpoint/Synthesized Checkpoint/channelizer.srcs/sources_1/imports/sysgen/xlclockdriver_rd.v:22]
	Parameter log_2_period bound to: 32'sb00000000000000000000000000000001 
	Parameter period bound to: 32'sb00000000000000000000000000000001 
	Parameter use_bufg bound to: 0 - type: integer 
	Parameter pipeline_regs bound to: 32'sb00000000000000000000000000000101 
	Parameter max_pipeline_regs bound to: 32'sb00000000000000000000000000001000 
	Parameter num_pipeline_regs bound to: 32'sb00000000000000000000000000000101 
	Parameter factor bound to: 32'sb00000000000000000000000000000101 
	Parameter rem_pipeline_regs bound to: 32'sb00000000000000000000000000000001 
	Parameter trunc_period bound to: 1'b1 
	Parameter period_floor bound to: 32'sb00000000000000000000000000000010 
	Parameter power_of_2_counter bound to: 32'sb00000000000000000000000000000001 
	Parameter cnt_width bound to: 32'sb00000000000000000000000000000001 
	Parameter clk_for_ce_pulse_minus1 bound to: 1'b0 
	Parameter clk_for_ce_pulse_minus2 bound to: 1'b0 
	Parameter clk_for_ce_pulse_minus_regs bound to: 1'b0 
INFO: [Synth 8-638] synthesizing module 'synth_reg_w_init' [/home/randy/rfnoc_dec2015/sysgen_models/channelizer/checkpoint/Synthesized Checkpoint/channelizer.srcs/sources_1/imports/sysgen/synth_reg_w_init.v:3]
	Parameter width bound to: 1 - type: integer 
	Parameter init_index bound to: 0 - type: integer 
	Parameter init_value bound to: 1'b0 
	Parameter latency bound to: 1 - type: integer 
INFO: [Synth 8-638] synthesizing module 'single_reg_w_init' [/home/randy/rfnoc_dec2015/sysgen_models/channelizer/checkpoint/Synthesized Checkpoint/channelizer.srcs/sources_1/imports/sysgen/synth_reg_w_init.v:45]
	Parameter width bound to: 1 - type: integer 
	Parameter init_index bound to: 0 - type: integer 
	Parameter init_value bound to: 1'b0 
	Parameter init_index_val bound to: 1'b0 
	Parameter result bound to: 1'b0 
	Parameter init_const bound to: 1'b0 
INFO: [Synth 8-638] synthesizing module 'FDRE' [/opt/Xilinx/Vivado/2015.2/scripts/rt/data/unisim_comp.v:3016]
	Parameter INIT bound to: 1'b0 
	Parameter IS_C_INVERTED bound to: 1'b0 
	Parameter IS_D_INVERTED bound to: 1'b0 
	Parameter IS_R_INVERTED bound to: 1'b0 
INFO: [Synth 8-256] done synthesizing module 'FDRE' (1#1) [/opt/Xilinx/Vivado/2015.2/scripts/rt/data/unisim_comp.v:3016]
INFO: [Synth 8-256] done synthesizing module 'single_reg_w_init' (2#1) [/home/randy/rfnoc_dec2015/sysgen_models/channelizer/checkpoint/Synthesized Checkpoint/channelizer.srcs/sources_1/imports/sysgen/synth_reg_w_init.v:45]
INFO: [Synth 8-256] done synthesizing module 'synth_reg_w_init' (3#1) [/home/randy/rfnoc_dec2015/sysgen_models/channelizer/checkpoint/Synthesized Checkpoint/channelizer.srcs/sources_1/imports/sysgen/synth_reg_w_init.v:3]
INFO: [Synth 8-256] done synthesizing module 'xlclockdriver' (4#1) [/home/randy/rfnoc_dec2015/sysgen_models/channelizer/checkpoint/Synthesized Checkpoint/channelizer.srcs/sources_1/imports/sysgen/xlclockdriver_rd.v:22]
WARNING: [Synth 8-350] instance 'clockdriver' of module 'xlclockdriver' requires 7 connections, but only 5 given [/home/randy/rfnoc_dec2015/sysgen_models/channelizer/checkpoint/Synthesized Checkpoint/channelizer.srcs/sources_1/imports/sysgen/channelizer.v:1066]
INFO: [Synth 8-256] done synthesizing module 'channelizer_default_clock_driver' (5#1) [/home/randy/rfnoc_dec2015/sysgen_models/channelizer/checkpoint/Synthesized Checkpoint/channelizer.srcs/sources_1/imports/sysgen/channelizer.v:1055]
INFO: [Synth 8-638] synthesizing module 'channelizer_struct' [/home/randy/rfnoc_dec2015/sysgen_models/channelizer/checkpoint/Synthesized Checkpoint/channelizer.srcs/sources_1/imports/sysgen/channelizer.v:983]
INFO: [Synth 8-638] synthesizing module 'channelizer_channelizer' [/home/randy/rfnoc_dec2015/sysgen_models/channelizer/checkpoint/Synthesized Checkpoint/channelizer.srcs/sources_1/imports/sysgen/channelizer.v:859]
INFO: [Synth 8-638] synthesizing module 'channelizer_fft1' [/home/randy/rfnoc_dec2015/sysgen_models/channelizer/checkpoint/Synthesized Checkpoint/channelizer.srcs/sources_1/imports/sysgen/channelizer.v:143]
INFO: [Synth 8-638] synthesizing module 'channelizer_subsystem_x0' [/home/randy/rfnoc_dec2015/sysgen_models/channelizer/checkpoint/Synthesized Checkpoint/channelizer.srcs/sources_1/imports/sysgen/channelizer.v:7]
INFO: [Synth 8-638] synthesizing module 'sysgen_reinterpret_ad93f43143' [/home/randy/rfnoc_dec2015/sysgen_models/channelizer/checkpoint/Synthesized Checkpoint/channelizer.srcs/sources_1/imports/sysgen/channelizer_entity_declarations.v:55]
INFO: [Synth 8-256] done synthesizing module 'sysgen_reinterpret_ad93f43143' (6#1) [/home/randy/rfnoc_dec2015/sysgen_models/channelizer/checkpoint/Synthesized Checkpoint/channelizer.srcs/sources_1/imports/sysgen/channelizer_entity_declarations.v:55]
INFO: [Synth 8-638] synthesizing module 'channelizer_xlslice' [/home/randy/rfnoc_dec2015/sysgen_models/channelizer/checkpoint/Synthesized Checkpoint/channelizer.srcs/sources_1/imports/sysgen/channelizer_entity_declarations.v:69]
	Parameter new_msb bound to: 15 - type: integer 
	Parameter new_lsb bound to: 0 - type: integer 
	Parameter x_width bound to: 32 - type: integer 
	Parameter y_width bound to: 16 - type: integer 
INFO: [Synth 8-256] done synthesizing module 'channelizer_xlslice' (7#1) [/home/randy/rfnoc_dec2015/sysgen_models/channelizer/checkpoint/Synthesized Checkpoint/channelizer.srcs/sources_1/imports/sysgen/channelizer_entity_declarations.v:69]
INFO: [Synth 8-638] synthesizing module 'channelizer_xlslice__parameterized0' [/home/randy/rfnoc_dec2015/sysgen_models/channelizer/checkpoint/Synthesized Checkpoint/channelizer.srcs/sources_1/imports/sysgen/channelizer_entity_declarations.v:69]
	Parameter new_msb bound to: 31 - type: integer 
	Parameter new_lsb bound to: 16 - type: integer 
	Parameter x_width bound to: 32 - type: integer 
	Parameter y_width bound to: 16 - type: integer 
INFO: [Synth 8-256] done synthesizing module 'channelizer_xlslice__parameterized0' (7#1) [/home/randy/rfnoc_dec2015/sysgen_models/channelizer/checkpoint/Synthesized Checkpoint/channelizer.srcs/sources_1/imports/sysgen/channelizer_entity_declarations.v:69]
INFO: [Synth 8-256] done synthesizing module 'channelizer_subsystem_x0' (8#1) [/home/randy/rfnoc_dec2015/sysgen_models/channelizer/checkpoint/Synthesized Checkpoint/channelizer.srcs/sources_1/imports/sysgen/channelizer.v:7]
INFO: [Synth 8-638] synthesizing module 'channelizer_subsystem1_x0' [/home/randy/rfnoc_dec2015/sysgen_models/channelizer/checkpoint/Synthesized Checkpoint/channelizer.srcs/sources_1/imports/sysgen/channelizer.v:57]
INFO: [Synth 8-638] synthesizing module 'sysgen_concat_c4ee67c59a' [/home/randy/rfnoc_dec2015/sysgen_models/channelizer/checkpoint/Synthesized Checkpoint/channelizer.srcs/sources_1/imports/sysgen/channelizer_entity_declarations.v:125]
INFO: [Synth 8-256] done synthesizing module 'sysgen_concat_c4ee67c59a' (9#1) [/home/randy/rfnoc_dec2015/sysgen_models/channelizer/checkpoint/Synthesized Checkpoint/channelizer.srcs/sources_1/imports/sysgen/channelizer_entity_declarations.v:125]
INFO: [Synth 8-638] synthesizing module 'channelizer_xlconvert' [/home/randy/rfnoc_dec2015/sysgen_models/channelizer/checkpoint/Synthesized Checkpoint/channelizer.srcs/sources_1/imports/sysgen/channelizer_entity_declarations.v:143]
	Parameter din_width bound to: 21 - type: integer 
	Parameter din_bin_pt bound to: 15 - type: integer 
	Parameter din_arith bound to: 2 - type: integer 
	Parameter dout_width bound to: 16 - type: integer 
	Parameter dout_bin_pt bound to: 13 - type: integer 
	Parameter dout_arith bound to: 2 - type: integer 
	Parameter en_width bound to: 1 - type: integer 
	Parameter en_bin_pt bound to: 0 - type: integer 
	Parameter en_arith bound to: 1 - type: integer 
	Parameter bool_conversion bound to: 0 - type: integer 
	Parameter latency bound to: 0 - type: integer 
	Parameter quantization bound to: 1 - type: integer 
	Parameter overflow bound to: 2 - type: integer 
INFO: [Synth 8-638] synthesizing module 'convert_type' [/home/randy/rfnoc_dec2015/sysgen_models/channelizer/checkpoint/Synthesized Checkpoint/channelizer.srcs/sources_1/imports/sysgen/convert_type.v:775]
	Parameter old_width bound to: 21 - type: integer 
	Parameter old_bin_pt bound to: 15 - type: integer 
	Parameter old_arith bound to: 2 - type: integer 
	Parameter new_width bound to: 16 - type: integer 
	Parameter new_bin_pt bound to: 13 - type: integer 
	Parameter new_arith bound to: 2 - type: integer 
	Parameter quantization bound to: 1 - type: integer 
	Parameter overflow bound to: 2 - type: integer 
	Parameter fp_width bound to: 32'sb00000000000000000000000000010111 
	Parameter fp_bin_pt bound to: 15 - type: integer 
	Parameter fp_arith bound to: 2 - type: integer 
	Parameter q_width bound to: 32'sb00000000000000000000000000010101 
	Parameter q_bin_pt bound to: 13 - type: integer 
	Parameter q_arith bound to: 2 - type: integer 
INFO: [Synth 8-638] synthesizing module 'cast' [/home/randy/rfnoc_dec2015/sysgen_models/channelizer/checkpoint/Synthesized Checkpoint/channelizer.srcs/sources_1/imports/sysgen/convert_type.v:13]
	Parameter old_width bound to: 21 - type: integer 
	Parameter old_bin_pt bound to: 15 - type: integer 
	Parameter new_width bound to: 32'sb00000000000000000000000000010111 
	Parameter new_bin_pt bound to: 15 - type: integer 
	Parameter new_arith bound to: 2 - type: integer 
	Parameter right_of_dp bound to: 32'sb00000000000000000000000000000000 
INFO: [Synth 8-256] done synthesizing module 'cast' (10#1) [/home/randy/rfnoc_dec2015/sysgen_models/channelizer/checkpoint/Synthesized Checkpoint/channelizer.srcs/sources_1/imports/sysgen/convert_type.v:13]
INFO: [Synth 8-638] synthesizing module 'trunc' [/home/randy/rfnoc_dec2015/sysgen_models/channelizer/checkpoint/Synthesized Checkpoint/channelizer.srcs/sources_1/imports/sysgen/convert_type.v:539]
	Parameter old_width bound to: 32'sb00000000000000000000000000010111 
	Parameter old_bin_pt bound to: 15 - type: integer 
	Parameter old_arith bound to: 2 - type: integer 
	Parameter new_width bound to: 32'sb00000000000000000000000000010101 
	Parameter new_bin_pt bound to: 13 - type: integer 
	Parameter new_arith bound to: 2 - type: integer 
	Parameter right_of_dp bound to: 32'sb00000000000000000000000000000010 
	Parameter abs_right_of_dp bound to: 32'sb00000000000000000000000000000010 
INFO: [Synth 8-638] synthesizing module 'extend_msb' [/home/randy/rfnoc_dec2015/sysgen_models/channelizer/checkpoint/Synthesized Checkpoint/channelizer.srcs/sources_1/imports/sysgen/convert_type.v:235]
	Parameter old_width bound to: 32'sb00000000000000000000000000010101 
	Parameter new_width bound to: 32'sb00000000000000000000000000010101 
	Parameter new_arith bound to: 2 - type: integer 
INFO: [Synth 8-638] synthesizing module 'sign_ext' [/home/randy/rfnoc_dec2015/sysgen_models/channelizer/checkpoint/Synthesized Checkpoint/channelizer.srcs/sources_1/imports/sysgen/convert_type.v:211]
	Parameter old_width bound to: 32'sb00000000000000000000000000010101 
	Parameter new_width bound to: 32'sb00000000000000000000000000010101 
INFO: [Synth 8-256] done synthesizing module 'sign_ext' (11#1) [/home/randy/rfnoc_dec2015/sysgen_models/channelizer/checkpoint/Synthesized Checkpoint/channelizer.srcs/sources_1/imports/sysgen/convert_type.v:211]
INFO: [Synth 8-256] done synthesizing module 'extend_msb' (12#1) [/home/randy/rfnoc_dec2015/sysgen_models/channelizer/checkpoint/Synthesized Checkpoint/channelizer.srcs/sources_1/imports/sysgen/convert_type.v:235]
INFO: [Synth 8-256] done synthesizing module 'trunc' (13#1) [/home/randy/rfnoc_dec2015/sysgen_models/channelizer/checkpoint/Synthesized Checkpoint/channelizer.srcs/sources_1/imports/sysgen/convert_type.v:539]
INFO: [Synth 8-638] synthesizing module 'saturation_arith' [/home/randy/rfnoc_dec2015/sysgen_models/channelizer/checkpoint/Synthesized Checkpoint/channelizer.srcs/sources_1/imports/sysgen/convert_type.v:582]
	Parameter old_width bound to: 32'sb00000000000000000000000000010101 
	Parameter old_bin_pt bound to: 13 - type: integer 
	Parameter old_arith bound to: 2 - type: integer 
	Parameter new_width bound to: 16 - type: integer 
	Parameter new_bin_pt bound to: 13 - type: integer 
	Parameter new_arith bound to: 2 - type: integer 
	Parameter abs_right_of_dp bound to: 32'sb00000000000000000000000000000000 
	Parameter abs_width bound to: 32'sb00000000000000000000000000000001 
	Parameter abs_new_width bound to: 16 - type: integer 
INFO: [Synth 8-256] done synthesizing module 'saturation_arith' (14#1) [/home/randy/rfnoc_dec2015/sysgen_models/channelizer/checkpoint/Synthesized Checkpoint/channelizer.srcs/sources_1/imports/sysgen/convert_type.v:582]
INFO: [Synth 8-256] done synthesizing module 'convert_type' (15#1) [/home/randy/rfnoc_dec2015/sysgen_models/channelizer/checkpoint/Synthesized Checkpoint/channelizer.srcs/sources_1/imports/sysgen/convert_type.v:775]
INFO: [Synth 8-256] done synthesizing module 'channelizer_xlconvert' (16#1) [/home/randy/rfnoc_dec2015/sysgen_models/channelizer/checkpoint/Synthesized Checkpoint/channelizer.srcs/sources_1/imports/sysgen/channelizer_entity_declarations.v:143]
INFO: [Synth 8-638] synthesizing module 'sysgen_reinterpret_af1a0b71e1' [/home/randy/rfnoc_dec2015/sysgen_models/channelizer/checkpoint/Synthesized Checkpoint/channelizer.srcs/sources_1/imports/sysgen/channelizer_entity_declarations.v:210]
INFO: [Synth 8-256] done synthesizing module 'sysgen_reinterpret_af1a0b71e1' (17#1) [/home/randy/rfnoc_dec2015/sysgen_models/channelizer/checkpoint/Synthesized Checkpoint/channelizer.srcs/sources_1/imports/sysgen/channelizer_entity_declarations.v:210]
INFO: [Synth 8-256] done synthesizing module 'channelizer_subsystem1_x0' (18#1) [/home/randy/rfnoc_dec2015/sysgen_models/channelizer/checkpoint/Synthesized Checkpoint/channelizer.srcs/sources_1/imports/sysgen/channelizer.v:57]
INFO: [Synth 8-638] synthesizing module 'sysgen_constant_fa8d4b3e6d' [/home/randy/rfnoc_dec2015/sysgen_models/channelizer/checkpoint/Synthesized Checkpoint/channelizer.srcs/sources_1/imports/sysgen/channelizer_entity_declarations.v:85]
INFO: [Synth 8-256] done synthesizing module 'sysgen_constant_fa8d4b3e6d' (19#1) [/home/randy/rfnoc_dec2015/sysgen_models/channelizer/checkpoint/Synthesized Checkpoint/channelizer.srcs/sources_1/imports/sysgen/channelizer_entity_declarations.v:85]
INFO: [Synth 8-638] synthesizing module 'xlfast_fourier_transform_c87919ddd6bfbf81b10158bf539068dc' [/home/randy/rfnoc_dec2015/sysgen_models/channelizer/checkpoint/Synthesized Checkpoint/channelizer.srcs/sources_1/imports/sysgen/channelizer_entity_declarations.v:1268]
INFO: [Synth 8-638] synthesizing module 'channelizer_xfft_v9_0_0' [/home/randy/rfnoc_dec2015/sysgen_models/channelizer/checkpoint/Synthesized Checkpoint/channelizer.runs/synth_1/.Xil/Vivado-20637-butch/realtime/channelizer_xfft_v9_0_0_stub.v:7]
INFO: [Synth 8-256] done synthesizing module 'channelizer_xfft_v9_0_0' (20#1) [/home/randy/rfnoc_dec2015/sysgen_models/channelizer/checkpoint/Synthesized Checkpoint/channelizer.runs/synth_1/.Xil/Vivado-20637-butch/realtime/channelizer_xfft_v9_0_0_stub.v:7]
INFO: [Synth 8-256] done synthesizing module 'xlfast_fourier_transform_c87919ddd6bfbf81b10158bf539068dc' (21#1) [/home/randy/rfnoc_dec2015/sysgen_models/channelizer/checkpoint/Synthesized Checkpoint/channelizer.srcs/sources_1/imports/sysgen/channelizer_entity_declarations.v:1268]
INFO: [Synth 8-638] synthesizing module 'sysgen_inverter_dea83a2b38' [/home/randy/rfnoc_dec2015/sysgen_models/channelizer/checkpoint/Synthesized Checkpoint/channelizer.srcs/sources_1/imports/sysgen/channelizer_entity_declarations.v:93]
	Parameter const_value bound to: 1'b1 
INFO: [Synth 8-256] done synthesizing module 'sysgen_inverter_dea83a2b38' (22#1) [/home/randy/rfnoc_dec2015/sysgen_models/channelizer/checkpoint/Synthesized Checkpoint/channelizer.srcs/sources_1/imports/sysgen/channelizer_entity_declarations.v:93]
INFO: [Synth 8-256] done synthesizing module 'channelizer_fft1' (23#1) [/home/randy/rfnoc_dec2015/sysgen_models/channelizer/checkpoint/Synthesized Checkpoint/channelizer.srcs/sources_1/imports/sysgen/channelizer.v:143]
INFO: [Synth 8-638] synthesizing module 'channelizer_frame_reverse' [/home/randy/rfnoc_dec2015/sysgen_models/channelizer/checkpoint/Synthesized Checkpoint/channelizer.srcs/sources_1/imports/sysgen/channelizer.v:241]
INFO: [Synth 8-638] synthesizing module 'sysgen_constant_ff57ff80b6' [/home/randy/rfnoc_dec2015/sysgen_models/channelizer/checkpoint/Synthesized Checkpoint/channelizer.srcs/sources_1/imports/sysgen/channelizer_entity_declarations.v:223]
INFO: [Synth 8-256] done synthesizing module 'sysgen_constant_ff57ff80b6' (24#1) [/home/randy/rfnoc_dec2015/sysgen_models/channelizer/checkpoint/Synthesized Checkpoint/channelizer.srcs/sources_1/imports/sysgen/channelizer_entity_declarations.v:223]
INFO: [Synth 8-638] synthesizing module 'sysgen_constant_9b3be16c34' [/home/randy/rfnoc_dec2015/sysgen_models/channelizer/checkpoint/Synthesized Checkpoint/channelizer.srcs/sources_1/imports/sysgen/channelizer_entity_declarations.v:231]
INFO: [Synth 8-256] done synthesizing module 'sysgen_constant_9b3be16c34' (25#1) [/home/randy/rfnoc_dec2015/sysgen_models/channelizer/checkpoint/Synthesized Checkpoint/channelizer.srcs/sources_1/imports/sysgen/channelizer_entity_declarations.v:231]
INFO: [Synth 8-638] synthesizing module 'channelizer_xlcounter_free' [/home/randy/rfnoc_dec2015/sysgen_models/channelizer/checkpoint/Synthesized Checkpoint/channelizer.srcs/sources_1/imports/sysgen/channelizer_entity_declarations.v:1099]
	Parameter core_name0 bound to: channelizer_c_counter_binary_v12_0_0 - type: string 
	Parameter op_width bound to: 5 - type: integer 
	Parameter op_arith bound to: 1 - type: integer 
	Parameter oneStr bound to: 40'b0011000100110001001100010011000100110001 
INFO: [Synth 8-638] synthesizing module 'channelizer_c_counter_binary_v12_0_0' [/home/randy/rfnoc_dec2015/sysgen_models/channelizer/checkpoint/Synthesized Checkpoint/channelizer.runs/synth_1/.Xil/Vivado-20637-butch/realtime/channelizer_c_counter_binary_v12_0_0_stub.v:7]
INFO: [Synth 8-256] done synthesizing module 'channelizer_c_counter_binary_v12_0_0' (26#1) [/home/randy/rfnoc_dec2015/sysgen_models/channelizer/checkpoint/Synthesized Checkpoint/channelizer.runs/synth_1/.Xil/Vivado-20637-butch/realtime/channelizer_c_counter_binary_v12_0_0_stub.v:7]
INFO: [Synth 8-256] done synthesizing module 'channelizer_xlcounter_free' (27#1) [/home/randy/rfnoc_dec2015/sysgen_models/channelizer/checkpoint/Synthesized Checkpoint/channelizer.srcs/sources_1/imports/sysgen/channelizer_entity_declarations.v:1099]
WARNING: [Synth 8-350] instance 'counter' of module 'channelizer_xlcounter_free' requires 9 connections, but only 6 given [/home/randy/rfnoc_dec2015/sysgen_models/channelizer/checkpoint/Synthesized Checkpoint/channelizer.srcs/sources_1/imports/sysgen/channelizer.v:304]
INFO: [Synth 8-638] synthesizing module 'channelizer_xlcounter_free__parameterized0' [/home/randy/rfnoc_dec2015/sysgen_models/channelizer/checkpoint/Synthesized Checkpoint/channelizer.srcs/sources_1/imports/sysgen/channelizer_entity_declarations.v:1099]
	Parameter core_name0 bound to: channelizer_c_counter_binary_v12_0_1 - type: string 
	Parameter op_width bound to: 5 - type: integer 
	Parameter op_arith bound to: 1 - type: integer 
	Parameter oneStr bound to: 40'b0011000100110001001100010011000100110001 
INFO: [Synth 8-638] synthesizing module 'channelizer_c_counter_binary_v12_0_1' [/home/randy/rfnoc_dec2015/sysgen_models/channelizer/checkpoint/Synthesized Checkpoint/channelizer.runs/synth_1/.Xil/Vivado-20637-butch/realtime/channelizer_c_counter_binary_v12_0_1_stub.v:7]
INFO: [Synth 8-256] done synthesizing module 'channelizer_c_counter_binary_v12_0_1' (28#1) [/home/randy/rfnoc_dec2015/sysgen_models/channelizer/checkpoint/Synthesized Checkpoint/channelizer.runs/synth_1/.Xil/Vivado-20637-butch/realtime/channelizer_c_counter_binary_v12_0_1_stub.v:7]
INFO: [Synth 8-256] done synthesizing module 'channelizer_xlcounter_free__parameterized0' (28#1) [/home/randy/rfnoc_dec2015/sysgen_models/channelizer/checkpoint/Synthesized Checkpoint/channelizer.srcs/sources_1/imports/sysgen/channelizer_entity_declarations.v:1099]
WARNING: [Synth 8-350] instance 'counter2' of module 'channelizer_xlcounter_free' requires 9 connections, but only 6 given [/home/randy/rfnoc_dec2015/sysgen_models/channelizer/checkpoint/Synthesized Checkpoint/channelizer.srcs/sources_1/imports/sysgen/channelizer.v:317]
INFO: [Synth 8-638] synthesizing module 'sysgen_delay_2640a39ee9' [/home/randy/rfnoc_dec2015/sysgen_models/channelizer/checkpoint/Synthesized Checkpoint/channelizer.srcs/sources_1/imports/sysgen/channelizer_entity_declarations.v:239]
	Parameter const_value bound to: 5'b10001 
INFO: [Synth 8-256] done synthesizing module 'sysgen_delay_2640a39ee9' (29#1) [/home/randy/rfnoc_dec2015/sysgen_models/channelizer/checkpoint/Synthesized Checkpoint/channelizer.srcs/sources_1/imports/sysgen/channelizer_entity_declarations.v:239]
INFO: [Synth 8-638] synthesizing module 'sysgen_delay_52cccd8896' [/home/randy/rfnoc_dec2015/sysgen_models/channelizer/checkpoint/Synthesized Checkpoint/channelizer.srcs/sources_1/imports/sysgen/channelizer_entity_declarations.v:974]
	Parameter const_value bound to: 1'b1 
INFO: [Synth 8-256] done synthesizing module 'sysgen_delay_52cccd8896' (30#1) [/home/randy/rfnoc_dec2015/sysgen_models/channelizer/checkpoint/Synthesized Checkpoint/channelizer.srcs/sources_1/imports/sysgen/channelizer_entity_declarations.v:974]
INFO: [Synth 8-638] synthesizing module 'channelizer_xldpram' [/home/randy/rfnoc_dec2015/sysgen_models/channelizer/checkpoint/Synthesized Checkpoint/channelizer.srcs/sources_1/imports/sysgen/channelizer_entity_declarations.v:1167]
	Parameter core_name0 bound to: channelizer_blk_mem_gen_v8_2_0 - type: string 
	Parameter c_width_a bound to: 32 - type: integer 
	Parameter c_address_width_a bound to: 5 - type: integer 
	Parameter c_width_b bound to: 32 - type: integer 
	Parameter c_address_width_b bound to: 5 - type: integer 
	Parameter latency bound to: 1 - type: integer 
INFO: [Synth 8-638] synthesizing module 'channelizer_blk_mem_gen_v8_2_0' [/home/randy/rfnoc_dec2015/sysgen_models/channelizer/checkpoint/Synthesized Checkpoint/channelizer.runs/synth_1/.Xil/Vivado-20637-butch/realtime/channelizer_blk_mem_gen_v8_2_0_stub.v:7]
INFO: [Synth 8-256] done synthesizing module 'channelizer_blk_mem_gen_v8_2_0' (31#1) [/home/randy/rfnoc_dec2015/sysgen_models/channelizer/checkpoint/Synthesized Checkpoint/channelizer.runs/synth_1/.Xil/Vivado-20637-butch/realtime/channelizer_blk_mem_gen_v8_2_0_stub.v:7]
INFO: [Synth 8-256] done synthesizing module 'channelizer_xldpram' (32#1) [/home/randy/rfnoc_dec2015/sysgen_models/channelizer/checkpoint/Synthesized Checkpoint/channelizer.srcs/sources_1/imports/sysgen/channelizer_entity_declarations.v:1167]
INFO: [Synth 8-638] synthesizing module 'sysgen_logical_f9d74a72d1' [/home/randy/rfnoc_dec2015/sysgen_models/channelizer/checkpoint/Synthesized Checkpoint/channelizer.srcs/sources_1/imports/sysgen/channelizer_entity_declarations.v:39]
INFO: [Synth 8-256] done synthesizing module 'sysgen_logical_f9d74a72d1' (33#1) [/home/randy/rfnoc_dec2015/sysgen_models/channelizer/checkpoint/Synthesized Checkpoint/channelizer.srcs/sources_1/imports/sysgen/channelizer_entity_declarations.v:39]
INFO: [Synth 8-256] done synthesizing module 'channelizer_frame_reverse' (34#1) [/home/randy/rfnoc_dec2015/sysgen_models/channelizer/checkpoint/Synthesized Checkpoint/channelizer.srcs/sources_1/imports/sysgen/channelizer.v:241]
INFO: [Synth 8-638] synthesizing module 'channelizer_last_handler' [/home/randy/rfnoc_dec2015/sysgen_models/channelizer/checkpoint/Synthesized Checkpoint/channelizer.srcs/sources_1/imports/sysgen/channelizer.v:388]
INFO: [Synth 8-638] synthesizing module 'sysgen_constant_9ceded7773' [/home/randy/rfnoc_dec2015/sysgen_models/channelizer/checkpoint/Synthesized Checkpoint/channelizer.srcs/sources_1/imports/sysgen/channelizer_entity_declarations.v:1037]
INFO: [Synth 8-256] done synthesizing module 'sysgen_constant_9ceded7773' (35#1) [/home/randy/rfnoc_dec2015/sysgen_models/channelizer/checkpoint/Synthesized Checkpoint/channelizer.srcs/sources_1/imports/sysgen/channelizer_entity_declarations.v:1037]
INFO: [Synth 8-638] synthesizing module 'channelizer_xlcounter_free__parameterized1' [/home/randy/rfnoc_dec2015/sysgen_models/channelizer/checkpoint/Synthesized Checkpoint/channelizer.srcs/sources_1/imports/sysgen/channelizer_entity_declarations.v:1099]
	Parameter core_name0 bound to: channelizer_c_counter_binary_v12_0_2 - type: string 
	Parameter op_width bound to: 10 - type: integer 
	Parameter op_arith bound to: 1 - type: integer 
	Parameter oneStr bound to: 80'b00110001001100010011000100110001001100010011000100110001001100010011000100110001 
INFO: [Synth 8-638] synthesizing module 'channelizer_c_counter_binary_v12_0_2' [/home/randy/rfnoc_dec2015/sysgen_models/channelizer/checkpoint/Synthesized Checkpoint/channelizer.runs/synth_1/.Xil/Vivado-20637-butch/realtime/channelizer_c_counter_binary_v12_0_2_stub.v:7]
INFO: [Synth 8-256] done synthesizing module 'channelizer_c_counter_binary_v12_0_2' (36#1) [/home/randy/rfnoc_dec2015/sysgen_models/channelizer/checkpoint/Synthesized Checkpoint/channelizer.runs/synth_1/.Xil/Vivado-20637-butch/realtime/channelizer_c_counter_binary_v12_0_2_stub.v:7]
INFO: [Synth 8-256] done synthesizing module 'channelizer_xlcounter_free__parameterized1' (36#1) [/home/randy/rfnoc_dec2015/sysgen_models/channelizer/checkpoint/Synthesized Checkpoint/channelizer.srcs/sources_1/imports/sysgen/channelizer_entity_declarations.v:1099]
WARNING: [Synth 8-350] instance 'counter' of module 'channelizer_xlcounter_free' requires 9 connections, but only 6 given [/home/randy/rfnoc_dec2015/sysgen_models/channelizer/checkpoint/Synthesized Checkpoint/channelizer.srcs/sources_1/imports/sysgen/channelizer.v:425]
INFO: [Synth 8-638] synthesizing module 'sysgen_relational_765ebec234' [/home/randy/rfnoc_dec2015/sysgen_models/channelizer/checkpoint/Synthesized Checkpoint/channelizer.srcs/sources_1/imports/sysgen/channelizer_entity_declarations.v:1045]
	Parameter const_value bound to: 1'b1 
INFO: [Synth 8-256] done synthesizing module 'sysgen_relational_765ebec234' (37#1) [/home/randy/rfnoc_dec2015/sysgen_models/channelizer/checkpoint/Synthesized Checkpoint/channelizer.srcs/sources_1/imports/sysgen/channelizer_entity_declarations.v:1045]
INFO: [Synth 8-256] done synthesizing module 'channelizer_last_handler' (38#1) [/home/randy/rfnoc_dec2015/sysgen_models/channelizer/checkpoint/Synthesized Checkpoint/channelizer.srcs/sources_1/imports/sysgen/channelizer.v:388]
INFO: [Synth 8-638] synthesizing module 'channelizer_poly_phase_filter' [/home/randy/rfnoc_dec2015/sysgen_models/channelizer/checkpoint/Synthesized Checkpoint/channelizer.srcs/sources_1/imports/sysgen/channelizer.v:749]
INFO: [Synth 8-638] synthesizing module 'channelizer_subsystem' [/home/randy/rfnoc_dec2015/sysgen_models/channelizer/checkpoint/Synthesized Checkpoint/channelizer.srcs/sources_1/imports/sysgen/channelizer.v:452]
INFO: [Synth 8-638] synthesizing module 'channelizer_xlconvert__parameterized0' [/home/randy/rfnoc_dec2015/sysgen_models/channelizer/checkpoint/Synthesized Checkpoint/channelizer.srcs/sources_1/imports/sysgen/channelizer_entity_declarations.v:143]
	Parameter din_width bound to: 16 - type: integer 
	Parameter din_bin_pt bound to: 0 - type: integer 
	Parameter din_arith bound to: 2 - type: integer 
	Parameter dout_width bound to: 18 - type: integer 
	Parameter dout_bin_pt bound to: 0 - type: integer 
	Parameter dout_arith bound to: 2 - type: integer 
	Parameter en_width bound to: 1 - type: integer 
	Parameter en_bin_pt bound to: 0 - type: integer 
	Parameter en_arith bound to: 1 - type: integer 
	Parameter bool_conversion bound to: 0 - type: integer 
	Parameter latency bound to: 0 - type: integer 
	Parameter quantization bound to: 1 - type: integer 
	Parameter overflow bound to: 1 - type: integer 
INFO: [Synth 8-638] synthesizing module 'convert_type__parameterized0' [/home/randy/rfnoc_dec2015/sysgen_models/channelizer/checkpoint/Synthesized Checkpoint/channelizer.srcs/sources_1/imports/sysgen/convert_type.v:775]
	Parameter old_width bound to: 16 - type: integer 
	Parameter old_bin_pt bound to: 0 - type: integer 
	Parameter old_arith bound to: 2 - type: integer 
	Parameter new_width bound to: 18 - type: integer 
	Parameter new_bin_pt bound to: 0 - type: integer 
	Parameter new_arith bound to: 2 - type: integer 
	Parameter quantization bound to: 1 - type: integer 
	Parameter overflow bound to: 1 - type: integer 
	Parameter fp_width bound to: 32'sb00000000000000000000000000010010 
	Parameter fp_bin_pt bound to: 0 - type: integer 
	Parameter fp_arith bound to: 2 - type: integer 
	Parameter q_width bound to: 32'sb00000000000000000000000000010010 
	Parameter q_bin_pt bound to: 0 - type: integer 
	Parameter q_arith bound to: 2 - type: integer 
INFO: [Synth 8-638] synthesizing module 'cast__parameterized0' [/home/randy/rfnoc_dec2015/sysgen_models/channelizer/checkpoint/Synthesized Checkpoint/channelizer.srcs/sources_1/imports/sysgen/convert_type.v:13]
	Parameter old_width bound to: 16 - type: integer 
	Parameter old_bin_pt bound to: 0 - type: integer 
	Parameter new_width bound to: 32'sb00000000000000000000000000010010 
	Parameter new_bin_pt bound to: 0 - type: integer 
	Parameter new_arith bound to: 2 - type: integer 
	Parameter right_of_dp bound to: 32'sb00000000000000000000000000000000 
INFO: [Synth 8-256] done synthesizing module 'cast__parameterized0' (38#1) [/home/randy/rfnoc_dec2015/sysgen_models/channelizer/checkpoint/Synthesized Checkpoint/channelizer.srcs/sources_1/imports/sysgen/convert_type.v:13]
INFO: [Synth 8-638] synthesizing module 'trunc__parameterized0' [/home/randy/rfnoc_dec2015/sysgen_models/channelizer/checkpoint/Synthesized Checkpoint/channelizer.srcs/sources_1/imports/sysgen/convert_type.v:539]
	Parameter old_width bound to: 32'sb00000000000000000000000000010010 
	Parameter old_bin_pt bound to: 0 - type: integer 
	Parameter old_arith bound to: 2 - type: integer 
	Parameter new_width bound to: 32'sb00000000000000000000000000010010 
	Parameter new_bin_pt bound to: 0 - type: integer 
	Parameter new_arith bound to: 2 - type: integer 
	Parameter right_of_dp bound to: 32'sb00000000000000000000000000000000 
	Parameter abs_right_of_dp bound to: 32'sb00000000000000000000000000000000 
INFO: [Synth 8-638] synthesizing module 'extend_msb__parameterized0' [/home/randy/rfnoc_dec2015/sysgen_models/channelizer/checkpoint/Synthesized Checkpoint/channelizer.srcs/sources_1/imports/sysgen/convert_type.v:235]
	Parameter old_width bound to: 32'sb00000000000000000000000000010010 
	Parameter new_width bound to: 32'sb00000000000000000000000000010010 
	Parameter new_arith bound to: 2 - type: integer 
INFO: [Synth 8-638] synthesizing module 'sign_ext__parameterized0' [/home/randy/rfnoc_dec2015/sysgen_models/channelizer/checkpoint/Synthesized Checkpoint/channelizer.srcs/sources_1/imports/sysgen/convert_type.v:211]
	Parameter old_width bound to: 32'sb00000000000000000000000000010010 
	Parameter new_width bound to: 32'sb00000000000000000000000000010010 
INFO: [Synth 8-256] done synthesizing module 'sign_ext__parameterized0' (38#1) [/home/randy/rfnoc_dec2015/sysgen_models/channelizer/checkpoint/Synthesized Checkpoint/channelizer.srcs/sources_1/imports/sysgen/convert_type.v:211]
INFO: [Synth 8-256] done synthesizing module 'extend_msb__parameterized0' (38#1) [/home/randy/rfnoc_dec2015/sysgen_models/channelizer/checkpoint/Synthesized Checkpoint/channelizer.srcs/sources_1/imports/sysgen/convert_type.v:235]
INFO: [Synth 8-256] done synthesizing module 'trunc__parameterized0' (38#1) [/home/randy/rfnoc_dec2015/sysgen_models/channelizer/checkpoint/Synthesized Checkpoint/channelizer.srcs/sources_1/imports/sysgen/convert_type.v:539]
INFO: [Synth 8-638] synthesizing module 'wrap_arith' [/home/randy/rfnoc_dec2015/sysgen_models/channelizer/checkpoint/Synthesized Checkpoint/channelizer.srcs/sources_1/imports/sysgen/convert_type.v:754]
	Parameter old_width bound to: 32'sb00000000000000000000000000010010 
	Parameter old_bin_pt bound to: 0 - type: integer 
	Parameter old_arith bound to: 2 - type: integer 
	Parameter new_width bound to: 18 - type: integer 
	Parameter new_bin_pt bound to: 0 - type: integer 
	Parameter new_arith bound to: 2 - type: integer 
	Parameter result_arith bound to: 2 - type: integer 
INFO: [Synth 8-638] synthesizing module 'cast__parameterized1' [/home/randy/rfnoc_dec2015/sysgen_models/channelizer/checkpoint/Synthesized Checkpoint/channelizer.srcs/sources_1/imports/sysgen/convert_type.v:13]
	Parameter old_width bound to: 32'sb00000000000000000000000000010010 
	Parameter old_bin_pt bound to: 0 - type: integer 
	Parameter new_width bound to: 18 - type: integer 
	Parameter new_bin_pt bound to: 0 - type: integer 
	Parameter new_arith bound to: 2 - type: integer 
	Parameter right_of_dp bound to: 32'sb00000000000000000000000000000000 
INFO: [Synth 8-256] done synthesizing module 'cast__parameterized1' (38#1) [/home/randy/rfnoc_dec2015/sysgen_models/channelizer/checkpoint/Synthesized Checkpoint/channelizer.srcs/sources_1/imports/sysgen/convert_type.v:13]
INFO: [Synth 8-256] done synthesizing module 'wrap_arith' (39#1) [/home/randy/rfnoc_dec2015/sysgen_models/channelizer/checkpoint/Synthesized Checkpoint/channelizer.srcs/sources_1/imports/sysgen/convert_type.v:754]
INFO: [Synth 8-256] done synthesizing module 'convert_type__parameterized0' (39#1) [/home/randy/rfnoc_dec2015/sysgen_models/channelizer/checkpoint/Synthesized Checkpoint/channelizer.srcs/sources_1/imports/sysgen/convert_type.v:775]
INFO: [Synth 8-256] done synthesizing module 'channelizer_xlconvert__parameterized0' (39#1) [/home/randy/rfnoc_dec2015/sysgen_models/channelizer/checkpoint/Synthesized Checkpoint/channelizer.srcs/sources_1/imports/sysgen/channelizer_entity_declarations.v:143]
INFO: [Synth 8-638] synthesizing module 'channelizer_xlconvert__parameterized1' [/home/randy/rfnoc_dec2015/sysgen_models/channelizer/checkpoint/Synthesized Checkpoint/channelizer.srcs/sources_1/imports/sysgen/channelizer_entity_declarations.v:143]
	Parameter din_width bound to: 16 - type: integer 
	Parameter din_bin_pt bound to: 0 - type: integer 
	Parameter din_arith bound to: 2 - type: integer 
	Parameter dout_width bound to: 18 - type: integer 
	Parameter dout_bin_pt bound to: 0 - type: integer 
	Parameter dout_arith bound to: 2 - type: integer 
	Parameter en_width bound to: 1 - type: integer 
	Parameter en_bin_pt bound to: 0 - type: integer 
	Parameter en_arith bound to: 1 - type: integer 
	Parameter bool_conversion bound to: 0 - type: integer 
	Parameter latency bound to: 0 - type: integer 
	Parameter quantization bound to: 1 - type: integer 
	Parameter overflow bound to: 1 - type: integer 
INFO: [Synth 8-638] synthesizing module 'convert_type__parameterized1' [/home/randy/rfnoc_dec2015/sysgen_models/channelizer/checkpoint/Synthesized Checkpoint/channelizer.srcs/sources_1/imports/sysgen/convert_type.v:775]
	Parameter old_width bound to: 16 - type: integer 
	Parameter old_bin_pt bound to: 0 - type: integer 
	Parameter old_arith bound to: 2 - type: integer 
	Parameter new_width bound to: 18 - type: integer 
	Parameter new_bin_pt bound to: 0 - type: integer 
	Parameter new_arith bound to: 2 - type: integer 
	Parameter quantization bound to: 1 - type: integer 
	Parameter overflow bound to: 1 - type: integer 
	Parameter fp_width bound to: 32'sb00000000000000000000000000010010 
	Parameter fp_bin_pt bound to: 0 - type: integer 
	Parameter fp_arith bound to: 2 - type: integer 
	Parameter q_width bound to: 32'sb00000000000000000000000000010010 
	Parameter q_bin_pt bound to: 0 - type: integer 
	Parameter q_arith bound to: 2 - type: integer 
INFO: [Synth 8-638] synthesizing module 'cast__parameterized2' [/home/randy/rfnoc_dec2015/sysgen_models/channelizer/checkpoint/Synthesized Checkpoint/channelizer.srcs/sources_1/imports/sysgen/convert_type.v:13]
	Parameter old_width bound to: 16 - type: integer 
	Parameter old_bin_pt bound to: 0 - type: integer 
	Parameter new_width bound to: 32'sb00000000000000000000000000010010 
	Parameter new_bin_pt bound to: 0 - type: integer 
	Parameter new_arith bound to: 2 - type: integer 
	Parameter right_of_dp bound to: 32'sb00000000000000000000000000000000 
INFO: [Synth 8-256] done synthesizing module 'cast__parameterized2' (39#1) [/home/randy/rfnoc_dec2015/sysgen_models/channelizer/checkpoint/Synthesized Checkpoint/channelizer.srcs/sources_1/imports/sysgen/convert_type.v:13]
INFO: [Synth 8-638] synthesizing module 'trunc__parameterized1' [/home/randy/rfnoc_dec2015/sysgen_models/channelizer/checkpoint/Synthesized Checkpoint/channelizer.srcs/sources_1/imports/sysgen/convert_type.v:539]
	Parameter old_width bound to: 32'sb00000000000000000000000000010010 
	Parameter old_bin_pt bound to: 0 - type: integer 
	Parameter old_arith bound to: 2 - type: integer 
	Parameter new_width bound to: 32'sb00000000000000000000000000010010 
	Parameter new_bin_pt bound to: 0 - type: integer 
	Parameter new_arith bound to: 2 - type: integer 
	Parameter right_of_dp bound to: 32'sb00000000000000000000000000000000 
	Parameter abs_right_of_dp bound to: 32'sb00000000000000000000000000000000 
INFO: [Synth 8-638] synthesizing module 'extend_msb__parameterized1' [/home/randy/rfnoc_dec2015/sysgen_models/channelizer/checkpoint/Synthesized Checkpoint/channelizer.srcs/sources_1/imports/sysgen/convert_type.v:235]
	Parameter old_width bound to: 32'sb00000000000000000000000000010010 
	Parameter new_width bound to: 32'sb00000000000000000000000000010010 
	Parameter new_arith bound to: 2 - type: integer 
INFO: [Synth 8-638] synthesizing module 'sign_ext__parameterized1' [/home/randy/rfnoc_dec2015/sysgen_models/channelizer/checkpoint/Synthesized Checkpoint/channelizer.srcs/sources_1/imports/sysgen/convert_type.v:211]
	Parameter old_width bound to: 32'sb00000000000000000000000000010010 
	Parameter new_width bound to: 32'sb00000000000000000000000000010010 
INFO: [Synth 8-256] done synthesizing module 'sign_ext__parameterized1' (39#1) [/home/randy/rfnoc_dec2015/sysgen_models/channelizer/checkpoint/Synthesized Checkpoint/channelizer.srcs/sources_1/imports/sysgen/convert_type.v:211]
INFO: [Synth 8-256] done synthesizing module 'extend_msb__parameterized1' (39#1) [/home/randy/rfnoc_dec2015/sysgen_models/channelizer/checkpoint/Synthesized Checkpoint/channelizer.srcs/sources_1/imports/sysgen/convert_type.v:235]
INFO: [Synth 8-256] done synthesizing module 'trunc__parameterized1' (39#1) [/home/randy/rfnoc_dec2015/sysgen_models/channelizer/checkpoint/Synthesized Checkpoint/channelizer.srcs/sources_1/imports/sysgen/convert_type.v:539]
INFO: [Synth 8-256] done synthesizing module 'convert_type__parameterized1' (39#1) [/home/randy/rfnoc_dec2015/sysgen_models/channelizer/checkpoint/Synthesized Checkpoint/channelizer.srcs/sources_1/imports/sysgen/convert_type.v:775]
INFO: [Synth 8-256] done synthesizing module 'channelizer_xlconvert__parameterized1' (39#1) [/home/randy/rfnoc_dec2015/sysgen_models/channelizer/checkpoint/Synthesized Checkpoint/channelizer.srcs/sources_1/imports/sysgen/channelizer_entity_declarations.v:143]
INFO: [Synth 8-638] synthesizing module 'channelizer_xlslice__parameterized1' [/home/randy/rfnoc_dec2015/sysgen_models/channelizer/checkpoint/Synthesized Checkpoint/channelizer.srcs/sources_1/imports/sysgen/channelizer_entity_declarations.v:69]
	Parameter new_msb bound to: 31 - type: integer 
	Parameter new_lsb bound to: 16 - type: integer 
	Parameter x_width bound to: 32 - type: integer 
	Parameter y_width bound to: 16 - type: integer 
INFO: [Synth 8-256] done synthesizing module 'channelizer_xlslice__parameterized1' (39#1) [/home/randy/rfnoc_dec2015/sysgen_models/channelizer/checkpoint/Synthesized Checkpoint/channelizer.srcs/sources_1/imports/sysgen/channelizer_entity_declarations.v:69]
INFO: [Synth 8-256] done synthesizing module 'channelizer_subsystem' (40#1) [/home/randy/rfnoc_dec2015/sysgen_models/channelizer/checkpoint/Synthesized Checkpoint/channelizer.srcs/sources_1/imports/sysgen/channelizer.v:452]
INFO: [Synth 8-638] synthesizing module 'channelizer_subsystem1' [/home/randy/rfnoc_dec2015/sysgen_models/channelizer/checkpoint/Synthesized Checkpoint/channelizer.srcs/sources_1/imports/sysgen/channelizer.v:550]
INFO: [Synth 8-638] synthesizing module 'sysgen_reinterpret_4bd3487388' [/home/randy/rfnoc_dec2015/sysgen_models/channelizer/checkpoint/Synthesized Checkpoint/channelizer.srcs/sources_1/imports/sysgen/channelizer_entity_declarations.v:1062]
INFO: [Synth 8-256] done synthesizing module 'sysgen_reinterpret_4bd3487388' (41#1) [/home/randy/rfnoc_dec2015/sysgen_models/channelizer/checkpoint/Synthesized Checkpoint/channelizer.srcs/sources_1/imports/sysgen/channelizer_entity_declarations.v:1062]
INFO: [Synth 8-638] synthesizing module 'channelizer_xlslice__parameterized2' [/home/randy/rfnoc_dec2015/sysgen_models/channelizer/checkpoint/Synthesized Checkpoint/channelizer.srcs/sources_1/imports/sysgen/channelizer_entity_declarations.v:69]
	Parameter new_msb bound to: 30 - type: integer 
	Parameter new_lsb bound to: 15 - type: integer 
	Parameter x_width bound to: 34 - type: integer 
	Parameter y_width bound to: 16 - type: integer 
INFO: [Synth 8-256] done synthesizing module 'channelizer_xlslice__parameterized2' (41#1) [/home/randy/rfnoc_dec2015/sysgen_models/channelizer/checkpoint/Synthesized Checkpoint/channelizer.srcs/sources_1/imports/sysgen/channelizer_entity_declarations.v:69]
INFO: [Synth 8-638] synthesizing module 'channelizer_xlslice__parameterized3' [/home/randy/rfnoc_dec2015/sysgen_models/channelizer/checkpoint/Synthesized Checkpoint/channelizer.srcs/sources_1/imports/sysgen/channelizer_entity_declarations.v:69]
	Parameter new_msb bound to: 30 - type: integer 
	Parameter new_lsb bound to: 15 - type: integer 
	Parameter x_width bound to: 34 - type: integer 
	Parameter y_width bound to: 16 - type: integer 
INFO: [Synth 8-256] done synthesizing module 'channelizer_xlslice__parameterized3' (41#1) [/home/randy/rfnoc_dec2015/sysgen_models/channelizer/checkpoint/Synthesized Checkpoint/channelizer.srcs/sources_1/imports/sysgen/channelizer_entity_declarations.v:69]
INFO: [Synth 8-256] done synthesizing module 'channelizer_subsystem1' (42#1) [/home/randy/rfnoc_dec2015/sysgen_models/channelizer/checkpoint/Synthesized Checkpoint/channelizer.srcs/sources_1/imports/sysgen/channelizer.v:550]
INFO: [Synth 8-638] synthesizing module 'channelizer_subsystem2' [/home/randy/rfnoc_dec2015/sysgen_models/channelizer/checkpoint/Synthesized Checkpoint/channelizer.srcs/sources_1/imports/sysgen/channelizer.v:610]
INFO: [Synth 8-638] synthesizing module 'sysgen_constant_1aff05159a' [/home/randy/rfnoc_dec2015/sysgen_models/channelizer/checkpoint/Synthesized Checkpoint/channelizer.srcs/sources_1/imports/sysgen/channelizer_entity_declarations.v:1075]
INFO: [Synth 8-256] done synthesizing module 'sysgen_constant_1aff05159a' (43#1) [/home/randy/rfnoc_dec2015/sysgen_models/channelizer/checkpoint/Synthesized Checkpoint/channelizer.srcs/sources_1/imports/sysgen/channelizer_entity_declarations.v:1075]
INFO: [Synth 8-638] synthesizing module 'channelizer_xlcounter_free__parameterized2' [/home/randy/rfnoc_dec2015/sysgen_models/channelizer/checkpoint/Synthesized Checkpoint/channelizer.srcs/sources_1/imports/sysgen/channelizer_entity_declarations.v:1099]
	Parameter core_name0 bound to: channelizer_c_counter_binary_v12_0_3 - type: string 
	Parameter op_width bound to: 4 - type: integer 
	Parameter op_arith bound to: 1 - type: integer 
	Parameter oneStr bound to: 32'b00110001001100010011000100110001 
INFO: [Synth 8-638] synthesizing module 'channelizer_c_counter_binary_v12_0_3' [/home/randy/rfnoc_dec2015/sysgen_models/channelizer/checkpoint/Synthesized Checkpoint/channelizer.runs/synth_1/.Xil/Vivado-20637-butch/realtime/channelizer_c_counter_binary_v12_0_3_stub.v:7]
INFO: [Synth 8-256] done synthesizing module 'channelizer_c_counter_binary_v12_0_3' (44#1) [/home/randy/rfnoc_dec2015/sysgen_models/channelizer/checkpoint/Synthesized Checkpoint/channelizer.runs/synth_1/.Xil/Vivado-20637-butch/realtime/channelizer_c_counter_binary_v12_0_3_stub.v:7]
INFO: [Synth 8-256] done synthesizing module 'channelizer_xlcounter_free__parameterized2' (44#1) [/home/randy/rfnoc_dec2015/sysgen_models/channelizer/checkpoint/Synthesized Checkpoint/channelizer.srcs/sources_1/imports/sysgen/channelizer_entity_declarations.v:1099]
WARNING: [Synth 8-350] instance 'counter' of module 'channelizer_xlcounter_free' requires 9 connections, but only 6 given [/home/randy/rfnoc_dec2015/sysgen_models/channelizer/checkpoint/Synthesized Checkpoint/channelizer.srcs/sources_1/imports/sysgen/channelizer.v:653]
INFO: [Synth 8-638] synthesizing module 'sysgen_relational_f303c211e7' [/home/randy/rfnoc_dec2015/sysgen_models/channelizer/checkpoint/Synthesized Checkpoint/channelizer.srcs/sources_1/imports/sysgen/channelizer_entity_declarations.v:1083]
	Parameter const_value bound to: 1'b1 
INFO: [Synth 8-256] done synthesizing module 'sysgen_relational_f303c211e7' (45#1) [/home/randy/rfnoc_dec2015/sysgen_models/channelizer/checkpoint/Synthesized Checkpoint/channelizer.srcs/sources_1/imports/sysgen/channelizer_entity_declarations.v:1083]
INFO: [Synth 8-256] done synthesizing module 'channelizer_subsystem2' (46#1) [/home/randy/rfnoc_dec2015/sysgen_models/channelizer/checkpoint/Synthesized Checkpoint/channelizer.srcs/sources_1/imports/sysgen/channelizer.v:610]
INFO: [Synth 8-638] synthesizing module 'channelizer_subsystem3' [/home/randy/rfnoc_dec2015/sysgen_models/channelizer/checkpoint/Synthesized Checkpoint/channelizer.srcs/sources_1/imports/sysgen/channelizer.v:688]
INFO: [Synth 8-638] synthesizing module 'channelizer_xlcounter_free__parameterized3' [/home/randy/rfnoc_dec2015/sysgen_models/channelizer/checkpoint/Synthesized Checkpoint/channelizer.srcs/sources_1/imports/sysgen/channelizer_entity_declarations.v:1099]
	Parameter core_name0 bound to: channelizer_c_counter_binary_v12_0_3 - type: string 
	Parameter op_width bound to: 4 - type: integer 
	Parameter op_arith bound to: 1 - type: integer 
	Parameter oneStr bound to: 32'b00110001001100010011000100110001 
INFO: [Synth 8-256] done synthesizing module 'channelizer_xlcounter_free__parameterized3' (46#1) [/home/randy/rfnoc_dec2015/sysgen_models/channelizer/checkpoint/Synthesized Checkpoint/channelizer.srcs/sources_1/imports/sysgen/channelizer_entity_declarations.v:1099]
WARNING: [Synth 8-350] instance 'counter' of module 'channelizer_xlcounter_free' requires 9 connections, but only 6 given [/home/randy/rfnoc_dec2015/sysgen_models/channelizer/checkpoint/Synthesized Checkpoint/channelizer.srcs/sources_1/imports/sysgen/channelizer.v:722]
INFO: [Synth 8-256] done synthesizing module 'channelizer_subsystem3' (47#1) [/home/randy/rfnoc_dec2015/sysgen_models/channelizer/checkpoint/Synthesized Checkpoint/channelizer.srcs/sources_1/imports/sysgen/channelizer.v:688]
INFO: [Synth 8-638] synthesizing module 'xlfir_compiler_19490f93cbd7e22fee0db5c2ec90c7a6' [/home/randy/rfnoc_dec2015/sysgen_models/channelizer/checkpoint/Synthesized Checkpoint/channelizer.srcs/sources_1/imports/sysgen/channelizer_entity_declarations.v:1331]
INFO: [Synth 8-638] synthesizing module 'channelizer_fir_compiler_v7_2_0' [/home/randy/rfnoc_dec2015/sysgen_models/channelizer/checkpoint/Synthesized Checkpoint/channelizer.runs/synth_1/.Xil/Vivado-20637-butch/realtime/channelizer_fir_compiler_v7_2_0_stub.v:7]
INFO: [Synth 8-256] done synthesizing module 'channelizer_fir_compiler_v7_2_0' (48#1) [/home/randy/rfnoc_dec2015/sysgen_models/channelizer/checkpoint/Synthesized Checkpoint/channelizer.runs/synth_1/.Xil/Vivado-20637-butch/realtime/channelizer_fir_compiler_v7_2_0_stub.v:7]
INFO: [Synth 8-256] done synthesizing module 'xlfir_compiler_19490f93cbd7e22fee0db5c2ec90c7a6' (49#1) [/home/randy/rfnoc_dec2015/sysgen_models/channelizer/checkpoint/Synthesized Checkpoint/channelizer.srcs/sources_1/imports/sysgen/channelizer_entity_declarations.v:1331]
INFO: [Synth 8-256] done synthesizing module 'channelizer_poly_phase_filter' (50#1) [/home/randy/rfnoc_dec2015/sysgen_models/channelizer/checkpoint/Synthesized Checkpoint/channelizer.srcs/sources_1/imports/sysgen/channelizer.v:749]
INFO: [Synth 8-256] done synthesizing module 'channelizer_channelizer' (51#1) [/home/randy/rfnoc_dec2015/sysgen_models/channelizer/checkpoint/Synthesized Checkpoint/channelizer.srcs/sources_1/imports/sysgen/channelizer.v:859]
WARNING: [Synth 8-4446] all outputs are unconnected for this instance and logic may be removed [/home/randy/rfnoc_dec2015/sysgen_models/channelizer/checkpoint/Synthesized Checkpoint/channelizer.srcs/sources_1/imports/sysgen/channelizer.v:1039]
INFO: [Synth 8-638] synthesizing module 'channelizer_implementation_interface_in' [/home/randy/rfnoc_dec2015/sysgen_models/channelizer/checkpoint/Synthesized Checkpoint/channelizer.srcs/sources_1/imports/sysgen/channelizer.v:946]
INFO: [Synth 8-256] done synthesizing module 'channelizer_implementation_interface_in' (52#1) [/home/randy/rfnoc_dec2015/sysgen_models/channelizer/checkpoint/Synthesized Checkpoint/channelizer.srcs/sources_1/imports/sysgen/channelizer.v:946]
WARNING: [Synth 8-4446] all outputs are unconnected for this instance and logic may be removed [/home/randy/rfnoc_dec2015/sysgen_models/channelizer/checkpoint/Synthesized Checkpoint/channelizer.srcs/sources_1/imports/sysgen/channelizer.v:1045]
INFO: [Synth 8-638] synthesizing module 'channelizer_implementation_interface_out' [/home/randy/rfnoc_dec2015/sysgen_models/channelizer/checkpoint/Synthesized Checkpoint/channelizer.srcs/sources_1/imports/sysgen/channelizer.v:963]
INFO: [Synth 8-256] done synthesizing module 'channelizer_implementation_interface_out' (53#1) [/home/randy/rfnoc_dec2015/sysgen_models/channelizer/checkpoint/Synthesized Checkpoint/channelizer.srcs/sources_1/imports/sysgen/channelizer.v:963]
INFO: [Synth 8-256] done synthesizing module 'channelizer_struct' (54#1) [/home/randy/rfnoc_dec2015/sysgen_models/channelizer/checkpoint/Synthesized Checkpoint/channelizer.srcs/sources_1/imports/sysgen/channelizer.v:983]
INFO: [Synth 8-256] done synthesizing module 'channelizer' (55#1) [/home/randy/rfnoc_dec2015/sysgen_models/channelizer/checkpoint/Synthesized Checkpoint/channelizer.srcs/sources_1/imports/sysgen/channelizer.v:1077]
---------------------------------------------------------------------------------
Finished RTL Elaboration : Time (s): cpu = 00:00:05 ; elapsed = 00:00:05 . Memory (MB): peak = 984.922 ; gain = 174.809 ; free physical = 773 ; free virtual = 9972
---------------------------------------------------------------------------------

Report Check Netlist: 
+------+------------------+-------+---------+-------+------------------+
|      |Item              |Errors |Warnings |Status |Description       |
+------+------------------+-------+---------+-------+------------------+
|1     |multi_driven_nets |      0|        0|Passed |Multi driven nets |
+------+------------------+-------+---------+-------+------------------+
WARNING: [Synth 8-3295] tying undriven pin counter:up to constant 0 [/home/randy/rfnoc_dec2015/sysgen_models/channelizer/checkpoint/Synthesized Checkpoint/channelizer.srcs/sources_1/imports/sysgen/channelizer.v:304]
WARNING: [Synth 8-3295] tying undriven pin counter:load to constant 0 [/home/randy/rfnoc_dec2015/sysgen_models/channelizer/checkpoint/Synthesized Checkpoint/channelizer.srcs/sources_1/imports/sysgen/channelizer.v:304]
WARNING: [Synth 8-3295] tying undriven pin counter:din[4] to constant 0 [/home/randy/rfnoc_dec2015/sysgen_models/channelizer/checkpoint/Synthesized Checkpoint/channelizer.srcs/sources_1/imports/sysgen/channelizer.v:304]
WARNING: [Synth 8-3295] tying undriven pin counter:din[3] to constant 0 [/home/randy/rfnoc_dec2015/sysgen_models/channelizer/checkpoint/Synthesized Checkpoint/channelizer.srcs/sources_1/imports/sysgen/channelizer.v:304]
WARNING: [Synth 8-3295] tying undriven pin counter:din[2] to constant 0 [/home/randy/rfnoc_dec2015/sysgen_models/channelizer/checkpoint/Synthesized Checkpoint/channelizer.srcs/sources_1/imports/sysgen/channelizer.v:304]
WARNING: [Synth 8-3295] tying undriven pin counter:din[1] to constant 0 [/home/randy/rfnoc_dec2015/sysgen_models/channelizer/checkpoint/Synthesized Checkpoint/channelizer.srcs/sources_1/imports/sysgen/channelizer.v:304]
WARNING: [Synth 8-3295] tying undriven pin counter:din[0] to constant 0 [/home/randy/rfnoc_dec2015/sysgen_models/channelizer/checkpoint/Synthesized Checkpoint/channelizer.srcs/sources_1/imports/sysgen/channelizer.v:304]
WARNING: [Synth 8-3295] tying undriven pin counter2:up to constant 0 [/home/randy/rfnoc_dec2015/sysgen_models/channelizer/checkpoint/Synthesized Checkpoint/channelizer.srcs/sources_1/imports/sysgen/channelizer.v:317]
WARNING: [Synth 8-3295] tying undriven pin counter2:load to constant 0 [/home/randy/rfnoc_dec2015/sysgen_models/channelizer/checkpoint/Synthesized Checkpoint/channelizer.srcs/sources_1/imports/sysgen/channelizer.v:317]
WARNING: [Synth 8-3295] tying undriven pin counter2:din[4] to constant 0 [/home/randy/rfnoc_dec2015/sysgen_models/channelizer/checkpoint/Synthesized Checkpoint/channelizer.srcs/sources_1/imports/sysgen/channelizer.v:317]
WARNING: [Synth 8-3295] tying undriven pin counter2:din[3] to constant 0 [/home/randy/rfnoc_dec2015/sysgen_models/channelizer/checkpoint/Synthesized Checkpoint/channelizer.srcs/sources_1/imports/sysgen/channelizer.v:317]
WARNING: [Synth 8-3295] tying undriven pin counter2:din[2] to constant 0 [/home/randy/rfnoc_dec2015/sysgen_models/channelizer/checkpoint/Synthesized Checkpoint/channelizer.srcs/sources_1/imports/sysgen/channelizer.v:317]
WARNING: [Synth 8-3295] tying undriven pin counter2:din[1] to constant 0 [/home/randy/rfnoc_dec2015/sysgen_models/channelizer/checkpoint/Synthesized Checkpoint/channelizer.srcs/sources_1/imports/sysgen/channelizer.v:317]
WARNING: [Synth 8-3295] tying undriven pin counter2:din[0] to constant 0 [/home/randy/rfnoc_dec2015/sysgen_models/channelizer/checkpoint/Synthesized Checkpoint/channelizer.srcs/sources_1/imports/sysgen/channelizer.v:317]
WARNING: [Synth 8-3295] tying undriven pin counter:up to constant 0 [/home/randy/rfnoc_dec2015/sysgen_models/channelizer/checkpoint/Synthesized Checkpoint/channelizer.srcs/sources_1/imports/sysgen/channelizer.v:425]
WARNING: [Synth 8-3295] tying undriven pin counter:load to constant 0 [/home/randy/rfnoc_dec2015/sysgen_models/channelizer/checkpoint/Synthesized Checkpoint/channelizer.srcs/sources_1/imports/sysgen/channelizer.v:425]
WARNING: [Synth 8-3295] tying undriven pin counter:din[9] to constant 0 [/home/randy/rfnoc_dec2015/sysgen_models/channelizer/checkpoint/Synthesized Checkpoint/channelizer.srcs/sources_1/imports/sysgen/channelizer.v:425]
WARNING: [Synth 8-3295] tying undriven pin counter:din[8] to constant 0 [/home/randy/rfnoc_dec2015/sysgen_models/channelizer/checkpoint/Synthesized Checkpoint/channelizer.srcs/sources_1/imports/sysgen/channelizer.v:425]
WARNING: [Synth 8-3295] tying undriven pin counter:din[7] to constant 0 [/home/randy/rfnoc_dec2015/sysgen_models/channelizer/checkpoint/Synthesized Checkpoint/channelizer.srcs/sources_1/imports/sysgen/channelizer.v:425]
WARNING: [Synth 8-3295] tying undriven pin counter:din[6] to constant 0 [/home/randy/rfnoc_dec2015/sysgen_models/channelizer/checkpoint/Synthesized Checkpoint/channelizer.srcs/sources_1/imports/sysgen/channelizer.v:425]
WARNING: [Synth 8-3295] tying undriven pin counter:din[5] to constant 0 [/home/randy/rfnoc_dec2015/sysgen_models/channelizer/checkpoint/Synthesized Checkpoint/channelizer.srcs/sources_1/imports/sysgen/channelizer.v:425]
WARNING: [Synth 8-3295] tying undriven pin counter:din[4] to constant 0 [/home/randy/rfnoc_dec2015/sysgen_models/channelizer/checkpoint/Synthesized Checkpoint/channelizer.srcs/sources_1/imports/sysgen/channelizer.v:425]
WARNING: [Synth 8-3295] tying undriven pin counter:din[3] to constant 0 [/home/randy/rfnoc_dec2015/sysgen_models/channelizer/checkpoint/Synthesized Checkpoint/channelizer.srcs/sources_1/imports/sysgen/channelizer.v:425]
WARNING: [Synth 8-3295] tying undriven pin counter:din[2] to constant 0 [/home/randy/rfnoc_dec2015/sysgen_models/channelizer/checkpoint/Synthesized Checkpoint/channelizer.srcs/sources_1/imports/sysgen/channelizer.v:425]
WARNING: [Synth 8-3295] tying undriven pin counter:din[1] to constant 0 [/home/randy/rfnoc_dec2015/sysgen_models/channelizer/checkpoint/Synthesized Checkpoint/channelizer.srcs/sources_1/imports/sysgen/channelizer.v:425]
WARNING: [Synth 8-3295] tying undriven pin counter:din[0] to constant 0 [/home/randy/rfnoc_dec2015/sysgen_models/channelizer/checkpoint/Synthesized Checkpoint/channelizer.srcs/sources_1/imports/sysgen/channelizer.v:425]
WARNING: [Synth 8-3295] tying undriven pin counter:up to constant 0 [/home/randy/rfnoc_dec2015/sysgen_models/channelizer/checkpoint/Synthesized Checkpoint/channelizer.srcs/sources_1/imports/sysgen/channelizer.v:653]
WARNING: [Synth 8-3295] tying undriven pin counter:load to constant 0 [/home/randy/rfnoc_dec2015/sysgen_models/channelizer/checkpoint/Synthesized Checkpoint/channelizer.srcs/sources_1/imports/sysgen/channelizer.v:653]
WARNING: [Synth 8-3295] tying undriven pin counter:din[3] to constant 0 [/home/randy/rfnoc_dec2015/sysgen_models/channelizer/checkpoint/Synthesized Checkpoint/channelizer.srcs/sources_1/imports/sysgen/channelizer.v:653]
WARNING: [Synth 8-3295] tying undriven pin counter:din[2] to constant 0 [/home/randy/rfnoc_dec2015/sysgen_models/channelizer/checkpoint/Synthesized Checkpoint/channelizer.srcs/sources_1/imports/sysgen/channelizer.v:653]
WARNING: [Synth 8-3295] tying undriven pin counter:din[1] to constant 0 [/home/randy/rfnoc_dec2015/sysgen_models/channelizer/checkpoint/Synthesized Checkpoint/channelizer.srcs/sources_1/imports/sysgen/channelizer.v:653]
WARNING: [Synth 8-3295] tying undriven pin counter:din[0] to constant 0 [/home/randy/rfnoc_dec2015/sysgen_models/channelizer/checkpoint/Synthesized Checkpoint/channelizer.srcs/sources_1/imports/sysgen/channelizer.v:653]
WARNING: [Synth 8-3295] tying undriven pin counter:up to constant 0 [/home/randy/rfnoc_dec2015/sysgen_models/channelizer/checkpoint/Synthesized Checkpoint/channelizer.srcs/sources_1/imports/sysgen/channelizer.v:722]
WARNING: [Synth 8-3295] tying undriven pin counter:load to constant 0 [/home/randy/rfnoc_dec2015/sysgen_models/channelizer/checkpoint/Synthesized Checkpoint/channelizer.srcs/sources_1/imports/sysgen/channelizer.v:722]
WARNING: [Synth 8-3295] tying undriven pin counter:din[3] to constant 0 [/home/randy/rfnoc_dec2015/sysgen_models/channelizer/checkpoint/Synthesized Checkpoint/channelizer.srcs/sources_1/imports/sysgen/channelizer.v:722]
WARNING: [Synth 8-3295] tying undriven pin counter:din[2] to constant 0 [/home/randy/rfnoc_dec2015/sysgen_models/channelizer/checkpoint/Synthesized Checkpoint/channelizer.srcs/sources_1/imports/sysgen/channelizer.v:722]
WARNING: [Synth 8-3295] tying undriven pin counter:din[1] to constant 0 [/home/randy/rfnoc_dec2015/sysgen_models/channelizer/checkpoint/Synthesized Checkpoint/channelizer.srcs/sources_1/imports/sysgen/channelizer.v:722]
WARNING: [Synth 8-3295] tying undriven pin counter:din[0] to constant 0 [/home/randy/rfnoc_dec2015/sysgen_models/channelizer/checkpoint/Synthesized Checkpoint/channelizer.srcs/sources_1/imports/sysgen/channelizer.v:722]
---------------------------------------------------------------------------------
Finished RTL Optimization Phase 1 : Time (s): cpu = 00:00:05 ; elapsed = 00:00:05 . Memory (MB): peak = 984.922 ; gain = 174.809 ; free physical = 773 ; free virtual = 9972
---------------------------------------------------------------------------------
INFO: [Device 21-403] Loading part xc7k410tffg900-2
INFO: [Project 1-570] Preparing netlist for logic optimization

Processing XDC Constraints
Initializing timing engine
Parsing XDC File [/home/randy/rfnoc_dec2015/sysgen_models/channelizer/checkpoint/Synthesized Checkpoint/channelizer.srcs/constrs_1/imports/sysgen/channelizer_clock.xdc]
Finished Parsing XDC File [/home/randy/rfnoc_dec2015/sysgen_models/channelizer/checkpoint/Synthesized Checkpoint/channelizer.srcs/constrs_1/imports/sysgen/channelizer_clock.xdc]
Parsing XDC File [/home/randy/rfnoc_dec2015/sysgen_models/channelizer/checkpoint/Synthesized Checkpoint/channelizer.srcs/constrs_1/imports/sysgen/channelizer.xdc]
Finished Parsing XDC File [/home/randy/rfnoc_dec2015/sysgen_models/channelizer/checkpoint/Synthesized Checkpoint/channelizer.srcs/constrs_1/imports/sysgen/channelizer.xdc]
Completed Processing XDC Constraints

INFO: [Project 1-111] Unisim Transformation Summary:
No Unisim elements were transformed.

Constraint Validation Runtime : Time (s): cpu = 00:00:00.04 ; elapsed = 00:00:00.04 . Memory (MB): peak = 1382.773 ; gain = 0.000 ; free physical = 572 ; free virtual = 9771
---------------------------------------------------------------------------------
Finished Constraint Validation : Time (s): cpu = 00:00:12 ; elapsed = 00:00:13 . Memory (MB): peak = 1382.773 ; gain = 572.660 ; free physical = 563 ; free virtual = 9763
---------------------------------------------------------------------------------
---------------------------------------------------------------------------------
Start Loading Part and Timing Information
---------------------------------------------------------------------------------
Loading part: xc7k410tffg900-2
---------------------------------------------------------------------------------
Finished Loading Part and Timing Information : Time (s): cpu = 00:00:12 ; elapsed = 00:00:13 . Memory (MB): peak = 1382.773 ; gain = 572.660 ; free physical = 563 ; free virtual = 9763
---------------------------------------------------------------------------------
---------------------------------------------------------------------------------
Start Applying 'set_property' XDC Constraints
---------------------------------------------------------------------------------
---------------------------------------------------------------------------------
Finished applying 'set_property' XDC Constraints : Time (s): cpu = 00:00:12 ; elapsed = 00:00:13 . Memory (MB): peak = 1382.773 ; gain = 572.660 ; free physical = 563 ; free virtual = 9763
---------------------------------------------------------------------------------
---------------------------------------------------------------------------------
Finished RTL Optimization Phase 2 : Time (s): cpu = 00:00:13 ; elapsed = 00:00:13 . Memory (MB): peak = 1382.773 ; gain = 572.660 ; free physical = 558 ; free virtual = 9757
---------------------------------------------------------------------------------

Report RTL Partitions: 
+-+--------------+------------+----------+
| |RTL Partition |Replication |Instances |
+-+--------------+------------+----------+
+-+--------------+------------+----------+
---------------------------------------------------------------------------------
Start RTL Component Statistics 
---------------------------------------------------------------------------------
Detailed RTL Component Info : 
+---Registers : 
	                1 Bit    Registers := 19    
+---Muxes : 
	   3 Input     16 Bit        Muxes := 2     
---------------------------------------------------------------------------------
Finished RTL Component Statistics 
---------------------------------------------------------------------------------
---------------------------------------------------------------------------------
Start RTL Hierarchical Component Statistics 
---------------------------------------------------------------------------------
Hierarchical RTL Component report 
Module saturation_arith 
Detailed RTL Component Info : 
+---Muxes : 
	   3 Input     16 Bit        Muxes := 1     
Module sysgen_delay_2640a39ee9 
Detailed RTL Component Info : 
+---Registers : 
	                1 Bit    Registers := 17    
Module sysgen_delay_52cccd8896 
Detailed RTL Component Info : 
+---Registers : 
	                1 Bit    Registers := 1     
---------------------------------------------------------------------------------
Finished RTL Hierarchical Component Statistics
---------------------------------------------------------------------------------
---------------------------------------------------------------------------------
Start Part Resource Summary
---------------------------------------------------------------------------------
Part Resources:
DSPs: 1540 (col length:140)
BRAMs: 1590 (col length: RAMB18 140 RAMB36 70)
---------------------------------------------------------------------------------
Finished Part Resource Summary
---------------------------------------------------------------------------------
Start Parallel Synthesis Optimization  : Time (s): cpu = 00:00:13 ; elapsed = 00:00:13 . Memory (MB): peak = 1382.773 ; gain = 572.660 ; free physical = 558 ; free virtual = 9757
---------------------------------------------------------------------------------
Start Cross Boundary Optimization
---------------------------------------------------------------------------------
WARNING: [Synth 8-3331] design channelizer has unconnected port last_in[0]
WARNING: [Synth 8-3331] design channelizer has unconnected port set_addr_in[7]
WARNING: [Synth 8-3331] design channelizer has unconnected port set_addr_in[6]
WARNING: [Synth 8-3331] design channelizer has unconnected port set_addr_in[5]
WARNING: [Synth 8-3331] design channelizer has unconnected port set_addr_in[4]
WARNING: [Synth 8-3331] design channelizer has unconnected port set_addr_in[3]
WARNING: [Synth 8-3331] design channelizer has unconnected port set_addr_in[2]
WARNING: [Synth 8-3331] design channelizer has unconnected port set_addr_in[1]
WARNING: [Synth 8-3331] design channelizer has unconnected port set_addr_in[0]
WARNING: [Synth 8-3331] design channelizer has unconnected port set_data_in[31]
WARNING: [Synth 8-3331] design channelizer has unconnected port set_data_in[30]
WARNING: [Synth 8-3331] design channelizer has unconnected port set_data_in[29]
WARNING: [Synth 8-3331] design channelizer has unconnected port set_data_in[28]
WARNING: [Synth 8-3331] design channelizer has unconnected port set_data_in[27]
WARNING: [Synth 8-3331] design channelizer has unconnected port set_data_in[26]
WARNING: [Synth 8-3331] design channelizer has unconnected port set_data_in[25]
WARNING: [Synth 8-3331] design channelizer has unconnected port set_data_in[24]
WARNING: [Synth 8-3331] design channelizer has unconnected port set_data_in[23]
WARNING: [Synth 8-3331] design channelizer has unconnected port set_data_in[22]
WARNING: [Synth 8-3331] design channelizer has unconnected port set_data_in[21]
WARNING: [Synth 8-3331] design channelizer has unconnected port set_data_in[20]
WARNING: [Synth 8-3331] design channelizer has unconnected port set_data_in[19]
WARNING: [Synth 8-3331] design channelizer has unconnected port set_data_in[18]
WARNING: [Synth 8-3331] design channelizer has unconnected port set_data_in[17]
WARNING: [Synth 8-3331] design channelizer has unconnected port set_data_in[16]
WARNING: [Synth 8-3331] design channelizer has unconnected port set_data_in[15]
WARNING: [Synth 8-3331] design channelizer has unconnected port set_data_in[14]
WARNING: [Synth 8-3331] design channelizer has unconnected port set_data_in[13]
WARNING: [Synth 8-3331] design channelizer has unconnected port set_data_in[12]
WARNING: [Synth 8-3331] design channelizer has unconnected port set_data_in[11]
WARNING: [Synth 8-3331] design channelizer has unconnected port set_data_in[10]
WARNING: [Synth 8-3331] design channelizer has unconnected port set_data_in[9]
WARNING: [Synth 8-3331] design channelizer has unconnected port set_data_in[8]
WARNING: [Synth 8-3331] design channelizer has unconnected port set_data_in[7]
WARNING: [Synth 8-3331] design channelizer has unconnected port set_data_in[6]
WARNING: [Synth 8-3331] design channelizer has unconnected port set_data_in[5]
WARNING: [Synth 8-3331] design channelizer has unconnected port set_data_in[4]
WARNING: [Synth 8-3331] design channelizer has unconnected port set_data_in[3]
WARNING: [Synth 8-3331] design channelizer has unconnected port set_data_in[2]
WARNING: [Synth 8-3331] design channelizer has unconnected port set_data_in[1]
WARNING: [Synth 8-3331] design channelizer has unconnected port set_data_in[0]
WARNING: [Synth 8-3331] design channelizer has unconnected port set_stb_in[0]
---------------------------------------------------------------------------------
Finished Cross Boundary Optimization : Time (s): cpu = 00:00:13 ; elapsed = 00:00:13 . Memory (MB): peak = 1382.773 ; gain = 572.660 ; free physical = 551 ; free virtual = 9750
---------------------------------------------------------------------------------
Finished Parallel Reinference  : Time (s): cpu = 00:00:13 ; elapsed = 00:00:13 . Memory (MB): peak = 1382.773 ; gain = 572.660 ; free physical = 551 ; free virtual = 9750

Report RTL Partitions: 
+-+--------------+------------+----------+
| |RTL Partition |Replication |Instances |
+-+--------------+------------+----------+
+-+--------------+------------+----------+
WARNING: [Synth 8-3332] Sequential element (\channelizer_default_clock_driver/clockdriver/clr_reg/has_latency.fd_array[1].reg_comp_1/fd_prim_array[0].rst_comp.fdre_comp ) is unused and will be removed from module channelizer.
---------------------------------------------------------------------------------
Start Area Optimization
---------------------------------------------------------------------------------
---------------------------------------------------------------------------------
Finished Area Optimization : Time (s): cpu = 00:00:13 ; elapsed = 00:00:13 . Memory (MB): peak = 1382.773 ; gain = 572.660 ; free physical = 550 ; free virtual = 9733
---------------------------------------------------------------------------------
Finished Parallel Area Optimization  : Time (s): cpu = 00:00:13 ; elapsed = 00:00:13 . Memory (MB): peak = 1382.773 ; gain = 572.660 ; free physical = 550 ; free virtual = 9733

Report RTL Partitions: 
+-+--------------+------------+----------+
| |RTL Partition |Replication |Instances |
+-+--------------+------------+----------+
+-+--------------+------------+----------+
Finished Parallel Synthesis Optimization  : Time (s): cpu = 00:00:13 ; elapsed = 00:00:13 . Memory (MB): peak = 1382.773 ; gain = 572.660 ; free physical = 550 ; free virtual = 9733
---------------------------------------------------------------------------------
Start Timing Optimization
---------------------------------------------------------------------------------
---------------------------------------------------------------------------------
Start Applying XDC Timing Constraints
---------------------------------------------------------------------------------
---------------------------------------------------------------------------------
Finished Applying XDC Timing Constraints : Time (s): cpu = 00:00:21 ; elapsed = 00:00:21 . Memory (MB): peak = 1382.773 ; gain = 572.660 ; free physical = 524 ; free virtual = 9707
---------------------------------------------------------------------------------
---------------------------------------------------------------------------------
Finished Timing Optimization : Time (s): cpu = 00:00:21 ; elapsed = 00:00:21 . Memory (MB): peak = 1382.773 ; gain = 572.660 ; free physical = 524 ; free virtual = 9707
---------------------------------------------------------------------------------

Report RTL Partitions: 
+-+--------------+------------+----------+
| |RTL Partition |Replication |Instances |
+-+--------------+------------+----------+
+-+--------------+------------+----------+
---------------------------------------------------------------------------------
Start Technology Mapping
---------------------------------------------------------------------------------
---------------------------------------------------------------------------------
Finished Technology Mapping : Time (s): cpu = 00:00:21 ; elapsed = 00:00:21 . Memory (MB): peak = 1382.773 ; gain = 572.660 ; free physical = 505 ; free virtual = 9689
---------------------------------------------------------------------------------

Report RTL Partitions: 
+-+--------------+------------+----------+
| |RTL Partition |Replication |Instances |
+-+--------------+------------+----------+
+-+--------------+------------+----------+
---------------------------------------------------------------------------------
Start IO Insertion
---------------------------------------------------------------------------------
---------------------------------------------------------------------------------
Start Final Netlist Cleanup
---------------------------------------------------------------------------------
---------------------------------------------------------------------------------
Finished Final Netlist Cleanup
---------------------------------------------------------------------------------
---------------------------------------------------------------------------------
Finished IO Insertion : Time (s): cpu = 00:00:21 ; elapsed = 00:00:21 . Memory (MB): peak = 1382.773 ; gain = 572.660 ; free physical = 505 ; free virtual = 9688
---------------------------------------------------------------------------------

Report Check Netlist: 
+------+------------------+-------+---------+-------+------------------+
|      |Item              |Errors |Warnings |Status |Description       |
+------+------------------+-------+---------+-------+------------------+
|1     |multi_driven_nets |      0|        0|Passed |Multi driven nets |
+------+------------------+-------+---------+-------+------------------+
---------------------------------------------------------------------------------
Start Renaming Generated Instances
---------------------------------------------------------------------------------
---------------------------------------------------------------------------------
Finished Renaming Generated Instances : Time (s): cpu = 00:00:21 ; elapsed = 00:00:21 . Memory (MB): peak = 1382.773 ; gain = 572.660 ; free physical = 505 ; free virtual = 9688
---------------------------------------------------------------------------------

Report RTL Partitions: 
+-+--------------+------------+----------+
| |RTL Partition |Replication |Instances |
+-+--------------+------------+----------+
+-+--------------+------------+----------+
---------------------------------------------------------------------------------
Start Rebuilding User Hierarchy
---------------------------------------------------------------------------------
---------------------------------------------------------------------------------
Finished Rebuilding User Hierarchy : Time (s): cpu = 00:00:21 ; elapsed = 00:00:21 . Memory (MB): peak = 1382.773 ; gain = 572.660 ; free physical = 505 ; free virtual = 9689
---------------------------------------------------------------------------------
---------------------------------------------------------------------------------
Start Renaming Generated Ports : Time (s): cpu = 00:00:21 ; elapsed = 00:00:21 . Memory (MB): peak = 1382.773 ; gain = 572.660 ; free physical = 505 ; free virtual = 9689
---------------------------------------------------------------------------------
---------------------------------------------------------------------------------
Finished Renaming Generated Ports : Time (s): cpu = 00:00:21 ; elapsed = 00:00:21 . Memory (MB): peak = 1382.773 ; gain = 572.660 ; free physical = 505 ; free virtual = 9689
---------------------------------------------------------------------------------
---------------------------------------------------------------------------------
Start ROM, RAM, DSP and Shift Register Reporting
---------------------------------------------------------------------------------

Static Shift Register:
+------------+--------------------------------------------------------------------------+--------+-------+--------------+--------------------+-------------------+--------+---------+
|Module Name | RTL Name                                                                 | Length | Width | Reset Signal | Pull out first Reg | Pull out last Reg | SRL16E | SRLC32E | 
+------------+--------------------------------------------------------------------------+--------+-------+--------------+--------------------+-------------------+--------+---------+
|channelizer | channelizer_struct/channelizer_x0/frame_reverse/delay/op_mem_16_8_24_reg | 17     | 1     | YES          | NO                 | NO                | 1      | 0       | 
+------------+--------------------------------------------------------------------------+--------+-------+--------------+--------------------+-------------------+--------+---------+

---------------------------------------------------------------------------------
Finished ROM, RAM, DSP and Shift Register Reporting
---------------------------------------------------------------------------------
---------------------------------------------------------------------------------
Start Writing Synthesis Report
---------------------------------------------------------------------------------

Report BlackBoxes: 
+------+-------------------------------------+----------+
|      |BlackBox name                        |Instances |
+------+-------------------------------------+----------+
|1     |channelizer_xfft_v9_0_0              |         1|
|2     |channelizer_c_counter_binary_v12_0_0 |         1|
|3     |channelizer_c_counter_binary_v12_0_1 |         1|
|4     |channelizer_blk_mem_gen_v8_2_0       |         1|
|5     |channelizer_c_counter_binary_v12_0_2 |         1|
|6     |channelizer_fir_compiler_v7_2_0      |         1|
|7     |channelizer_c_counter_binary_v12_0_3 |         2|
+------+-------------------------------------+----------+

Report Cell Usage: 
+------+----------------------------------------+------+
|      |Cell                                    |Count |
+------+----------------------------------------+------+
|1     |channelizer_blk_mem_gen_v8_2_0          |     1|
|2     |channelizer_c_counter_binary_v12_0_0    |     1|
|3     |channelizer_c_counter_binary_v12_0_1    |     1|
|4     |channelizer_c_counter_binary_v12_0_2    |     1|
|5     |channelizer_c_counter_binary_v12_0_3    |     1|
|6     |channelizer_c_counter_binary_v12_0_3__1 |     1|
|7     |channelizer_fir_compiler_v7_2_0         |     1|
|8     |channelizer_xfft_v9_0_0                 |     1|
|9     |LUT1                                    |     2|
|10    |LUT2                                    |     5|
|11    |LUT4                                    |     2|
|12    |LUT5                                    |    31|
|13    |LUT6                                    |     2|
|14    |SRL16E                                  |     1|
|15    |FDRE                                    |    20|
+------+----------------------------------------+------+

Report Instance Areas: 
+------+----------------------------------------+----------------------------------------------------------+------+
|      |Instance                                |Module                                                    |Cells |
+------+----------------------------------------+----------------------------------------------------------+------+
|1     |top                                     |                                                          |   301|
|2     |  channelizer_struct                    |channelizer_struct                                        |   301|
|3     |    channelizer_x0                      |channelizer_channelizer                                   |   301|
|4     |      fft1                              |channelizer_fft1                                          |    91|
|5     |        ifft_fast_fourier_transform_8_1 |xlfast_fourier_transform_c87919ddd6bfbf81b10158bf539068dc |    91|
|6     |      frame_reverse                     |channelizer_frame_reverse                                 |    96|
|7     |        counter                         |channelizer_xlcounter_free                                |     5|
|8     |        counter2                        |channelizer_xlcounter_free__parameterized0                |     5|
|9     |        delay                           |sysgen_delay_2640a39ee9                                   |    21|
|10    |        delay1                          |sysgen_delay_52cccd8896_0                                 |     1|
|11    |        dual_port_ram                   |channelizer_xldpram                                       |    64|
|12    |      last_handler                      |channelizer_last_handler                                  |    12|
|13    |        counter                         |channelizer_xlcounter_free__parameterized1                |    12|
|14    |      poly_phase_filter                 |channelizer_poly_phase_filter                             |   102|
|15    |        fir_compiler_7_2_1              |xlfir_compiler_19490f93cbd7e22fee0db5c2ec90c7a6           |    89|
|16    |        subsystem2                      |channelizer_subsystem2                                    |     8|
|17    |          counter                       |channelizer_xlcounter_free__parameterized2                |     6|
|18    |          delay                         |sysgen_delay_52cccd8896                                   |     2|
|19    |        subsystem3                      |channelizer_subsystem3                                    |     5|
|20    |          counter                       |channelizer_xlcounter_free__parameterized3                |     5|
+------+----------------------------------------+----------------------------------------------------------+------+
---------------------------------------------------------------------------------
Finished Writing Synthesis Report : Time (s): cpu = 00:00:21 ; elapsed = 00:00:21 . Memory (MB): peak = 1382.773 ; gain = 572.660 ; free physical = 505 ; free virtual = 9688
---------------------------------------------------------------------------------
Synthesis finished with 0 errors, 0 critical warnings and 43 warnings.
Synthesis Optimization Runtime : Time (s): cpu = 00:00:14 ; elapsed = 00:00:14 . Memory (MB): peak = 1382.773 ; gain = 58.285 ; free physical = 506 ; free virtual = 9689
Synthesis Optimization Complete : Time (s): cpu = 00:00:21 ; elapsed = 00:00:21 . Memory (MB): peak = 1382.773 ; gain = 572.660 ; free physical = 506 ; free virtual = 9689
INFO: [Project 1-571] Translating synthesized netlist
INFO: [Project 1-570] Preparing netlist for logic optimization
INFO: [Opt 31-138] Pushed 0 inverter(s) to 0 load pin(s).
INFO: [Project 1-111] Unisim Transformation Summary:
No Unisim elements were transformed.

INFO: [Common 17-83] Releasing license: Synthesis
162 Infos, 89 Warnings, 0 Critical Warnings and 0 Errors encountered.
synth_design completed successfully
synth_design: Time (s): cpu = 00:00:21 ; elapsed = 00:00:21 . Memory (MB): peak = 1382.773 ; gain = 464.141 ; free physical = 505 ; free virtual = 9688
report_utilization: Time (s): cpu = 00:00:00.12 ; elapsed = 00:00:00.17 . Memory (MB): peak = 1382.773 ; gain = 0.000 ; free physical = 503 ; free virtual = 9687
INFO: [Common 17-206] Exiting Vivado at Mon Apr 18 10:52:11 2016...
[Mon Apr 18 10:52:16 2016] synth_1 finished
wait_on_run: Time (s): cpu = 00:12:21 ; elapsed = 00:12:49 . Memory (MB): peak = 1049.965 ; gain = 7.879 ; free physical = 1037 ; free virtual = 10211
Design is defaulting to impl run constrset: constrs_1
Design is defaulting to synth run part: xc7k410tffg900-2
INFO: [Project 1-454] Reading design checkpoint '/home/randy/rfnoc_dec2015/sysgen_models/channelizer/checkpoint/Synthesized Checkpoint/channelizer.runs/channelizer_xfft_v9_0_0_synth_1/channelizer_xfft_v9_0_0.dcp' for cell 'channelizer_struct/channelizer_x0/fft1/ifft_fast_fourier_transform_8_1/channelizer_xfft_v9_0_0_instance'
INFO: [Project 1-454] Reading design checkpoint '/home/randy/rfnoc_dec2015/sysgen_models/channelizer/checkpoint/Synthesized Checkpoint/channelizer.runs/channelizer_c_counter_binary_v12_0_0_synth_1/channelizer_c_counter_binary_v12_0_0.dcp' for cell 'channelizer_struct/channelizer_x0/frame_reverse/counter/comp0.core_instance0'
INFO: [Project 1-454] Reading design checkpoint '/home/randy/rfnoc_dec2015/sysgen_models/channelizer/checkpoint/Synthesized Checkpoint/channelizer.runs/channelizer_c_counter_binary_v12_0_1_synth_1/channelizer_c_counter_binary_v12_0_1.dcp' for cell 'channelizer_struct/channelizer_x0/frame_reverse/counter2/comp1.core_instance1'
INFO: [Project 1-454] Reading design checkpoint '/home/randy/rfnoc_dec2015/sysgen_models/channelizer/checkpoint/Synthesized Checkpoint/channelizer.runs/channelizer_blk_mem_gen_v8_2_0_synth_1/channelizer_blk_mem_gen_v8_2_0.dcp' for cell 'channelizer_struct/channelizer_x0/frame_reverse/dual_port_ram/comp0.core_instance0'
INFO: [Project 1-454] Reading design checkpoint '/home/randy/rfnoc_dec2015/sysgen_models/channelizer/checkpoint/Synthesized Checkpoint/channelizer.runs/channelizer_c_counter_binary_v12_0_2_synth_1/channelizer_c_counter_binary_v12_0_2.dcp' for cell 'channelizer_struct/channelizer_x0/last_handler/counter/comp2.core_instance2'
INFO: [Project 1-454] Reading design checkpoint '/home/randy/rfnoc_dec2015/sysgen_models/channelizer/checkpoint/Synthesized Checkpoint/channelizer.runs/channelizer_fir_compiler_v7_2_0_synth_1/channelizer_fir_compiler_v7_2_0.dcp' for cell 'channelizer_struct/channelizer_x0/poly_phase_filter/fir_compiler_7_2_1/channelizer_fir_compiler_v7_2_0_instance'
INFO: [Project 1-454] Reading design checkpoint '/home/randy/rfnoc_dec2015/sysgen_models/channelizer/checkpoint/Synthesized Checkpoint/channelizer.runs/channelizer_c_counter_binary_v12_0_3_synth_1/channelizer_c_counter_binary_v12_0_3.dcp' for cell 'channelizer_struct/channelizer_x0/poly_phase_filter/subsystem2/counter/comp3.core_instance3'
INFO: [Project 1-454] Reading design checkpoint '/home/randy/rfnoc_dec2015/sysgen_models/channelizer/checkpoint/Synthesized Checkpoint/channelizer.runs/channelizer_c_counter_binary_v12_0_3_synth_1/channelizer_c_counter_binary_v12_0_3.dcp' for cell 'channelizer_struct/channelizer_x0/poly_phase_filter/subsystem3/counter/comp3.core_instance3'
INFO: [Netlist 29-17] Analyzing 251 Unisim elements for replacement
INFO: [Netlist 29-28] Unisim Transformation completed in 0 CPU seconds
INFO: [Project 1-479] Netlist was created with Vivado 2015.2
INFO: [Device 21-403] Loading part xc7k410tffg900-2
INFO: [Project 1-570] Preparing netlist for logic optimization
Parsing XDC File [/home/randy/rfnoc_dec2015/sysgen_models/channelizer/checkpoint/Synthesized Checkpoint/channelizer.srcs/constrs_1/imports/sysgen/channelizer.xdc]
Finished Parsing XDC File [/home/randy/rfnoc_dec2015/sysgen_models/channelizer/checkpoint/Synthesized Checkpoint/channelizer.srcs/constrs_1/imports/sysgen/channelizer.xdc]
INFO: [Project 1-538] Using original IP XDC constraints instead of the XDC constraints in dcp '/home/randy/rfnoc_dec2015/sysgen_models/channelizer/checkpoint/Synthesized Checkpoint/channelizer.runs/channelizer_xfft_v9_0_0_synth_1/channelizer_xfft_v9_0_0.dcp'
INFO: [Project 1-538] Using original IP XDC constraints instead of the XDC constraints in dcp '/home/randy/rfnoc_dec2015/sysgen_models/channelizer/checkpoint/Synthesized Checkpoint/channelizer.runs/channelizer_c_counter_binary_v12_0_0_synth_1/channelizer_c_counter_binary_v12_0_0.dcp'
INFO: [Project 1-538] Using original IP XDC constraints instead of the XDC constraints in dcp '/home/randy/rfnoc_dec2015/sysgen_models/channelizer/checkpoint/Synthesized Checkpoint/channelizer.runs/channelizer_c_counter_binary_v12_0_1_synth_1/channelizer_c_counter_binary_v12_0_1.dcp'
INFO: [Project 1-538] Using original IP XDC constraints instead of the XDC constraints in dcp '/home/randy/rfnoc_dec2015/sysgen_models/channelizer/checkpoint/Synthesized Checkpoint/channelizer.runs/channelizer_blk_mem_gen_v8_2_0_synth_1/channelizer_blk_mem_gen_v8_2_0.dcp'
INFO: [Project 1-538] Using original IP XDC constraints instead of the XDC constraints in dcp '/home/randy/rfnoc_dec2015/sysgen_models/channelizer/checkpoint/Synthesized Checkpoint/channelizer.runs/channelizer_c_counter_binary_v12_0_2_synth_1/channelizer_c_counter_binary_v12_0_2.dcp'
INFO: [Project 1-538] Using original IP XDC constraints instead of the XDC constraints in dcp '/home/randy/rfnoc_dec2015/sysgen_models/channelizer/checkpoint/Synthesized Checkpoint/channelizer.runs/channelizer_fir_compiler_v7_2_0_synth_1/channelizer_fir_compiler_v7_2_0.dcp'
INFO: [Project 1-538] Using original IP XDC constraints instead of the XDC constraints in dcp '/home/randy/rfnoc_dec2015/sysgen_models/channelizer/checkpoint/Synthesized Checkpoint/channelizer.runs/channelizer_c_counter_binary_v12_0_3_synth_1/channelizer_c_counter_binary_v12_0_3.dcp'
INFO: [Project 1-538] Using original IP XDC constraints instead of the XDC constraints in dcp '/home/randy/rfnoc_dec2015/sysgen_models/channelizer/checkpoint/Synthesized Checkpoint/channelizer.runs/channelizer_c_counter_binary_v12_0_3_synth_1/channelizer_c_counter_binary_v12_0_3.dcp'
INFO: [Opt 31-138] Pushed 0 inverter(s) to 0 load pin(s).
INFO: [Project 1-111] Unisim Transformation Summary:
No Unisim elements were transformed.

open_run: Time (s): cpu = 00:00:10 ; elapsed = 00:00:10 . Memory (MB): peak = 1439.352 ; gain = 389.387 ; free physical = 700 ; free virtual = 9874
INFO: [Timing 38-35] Done setting XDC timing constraints.
write_checkpoint: Time (s): cpu = 00:00:21 ; elapsed = 00:00:16 . Memory (MB): peak = 2040.098 ; gain = 600.746 ; free physical = 240 ; free virtual = 9451
INFO: [Common 17-206] Exiting Vivado at Mon Apr 18 10:52:42 2016...
